The system is: Linux - 4.4.0-15-generic - x86_64
Compiling the C compiler identification source file "CMakeCCompilerId.c" succeeded.
Compiler: /usr/local/opt/gcc-5.3.0-32/bin/gcc 
Build flags: 
Id flags:  

The output was:
0


Compilation of the C compiler identification source "CMakeCCompilerId.c" produced "a.out"

The C compiler identification is GNU, found in "/home/i72pehej/Uni3ero/Algoritmica/Practica4/Codigo/CMakeFiles/3.13.4/CompilerIdC/a.out"

Compiling the CXX compiler identification source file "CMakeCXXCompilerId.cpp" succeeded.
Compiler: /usr/local/opt/gcc-5.3.0-32/bin/c++ 
Build flags: 
Id flags:  

The output was:
0


Compilation of the CXX compiler identification source "CMakeCXXCompilerId.cpp" produced "a.out"

The CXX compiler identification is GNU, found in "/home/i72pehej/Uni3ero/Algoritmica/Practica4/Codigo/CMakeFiles/3.13.4/CompilerIdCXX/a.out"

Determining if the C compiler works passed with the following output:
Change Dir: /home/i72pehej/Uni3ero/Algoritmica/Practica4/Codigo/CMakeFiles/CMakeTmp

Run Build Command:"/usr/local/bin/gmake" "cmTC_29e8d/fast"
/usr/local/bin/gmake -f CMakeFiles/cmTC_29e8d.dir/build.make CMakeFiles/cmTC_29e8d.dir/build
gmake[1]: se entra en el directorio '/home/i72pehej/Uni3ero/Algoritmica/Practica4/Codigo/CMakeFiles/CMakeTmp'
Building C object CMakeFiles/cmTC_29e8d.dir/testCCompiler.c.o
/usr/local/opt/gcc-5.3.0-32/bin/gcc    -o CMakeFiles/cmTC_29e8d.dir/testCCompiler.c.o   -c /home/i72pehej/Uni3ero/Algoritmica/Practica4/Codigo/CMakeFiles/CMakeTmp/testCCompiler.c
Linking C executable cmTC_29e8d
/usr/local/bin/cmake -E cmake_link_script CMakeFiles/cmTC_29e8d.dir/link.txt --verbose=1
/usr/local/opt/gcc-5.3.0-32/bin/gcc      -rdynamic CMakeFiles/cmTC_29e8d.dir/testCCompiler.c.o  -o cmTC_29e8d 
gmake[1]: se sale del directorio '/home/i72pehej/Uni3ero/Algoritmica/Practica4/Codigo/CMakeFiles/CMakeTmp'


Detecting C compiler ABI info compiled with the following output:
Change Dir: /home/i72pehej/Uni3ero/Algoritmica/Practica4/Codigo/CMakeFiles/CMakeTmp

Run Build Command:"/usr/local/bin/gmake" "cmTC_1fbd0/fast"
gmake: Atención: El archivo 'Makefile' tiene una hora de modificación 0,018 s en el futuro
/usr/local/bin/gmake -f CMakeFiles/cmTC_1fbd0.dir/build.make CMakeFiles/cmTC_1fbd0.dir/build
gmake[1]: se entra en el directorio '/home/i72pehej/Uni3ero/Algoritmica/Practica4/Codigo/CMakeFiles/CMakeTmp'
gmake[1]: Atención: El archivo 'CMakeFiles/cmTC_1fbd0.dir/flags.make' tiene una hora de modificación 0,0012 s en el futuro
Building C object CMakeFiles/cmTC_1fbd0.dir/CMakeCCompilerABI.c.o
/usr/local/opt/gcc-5.3.0-32/bin/gcc    -o CMakeFiles/cmTC_1fbd0.dir/CMakeCCompilerABI.c.o   -c /usr/local/share/cmake-3.13/Modules/CMakeCCompilerABI.c
Linking C executable cmTC_1fbd0
/usr/local/bin/cmake -E cmake_link_script CMakeFiles/cmTC_1fbd0.dir/link.txt --verbose=1
/usr/local/opt/gcc-5.3.0-32/bin/gcc     -v -rdynamic CMakeFiles/cmTC_1fbd0.dir/CMakeCCompilerABI.c.o  -o cmTC_1fbd0 
Usando especificaciones internas.
COLLECT_GCC=/usr/local/opt/gcc-5.3.0-32/bin/gcc
COLLECT_LTO_WRAPPER=/usr/local/opt/gcc-5.3.0-32/libexec/gcc/i686-pc-linux-gnu/5.3.0/lto-wrapper
Objetivo: i686-pc-linux-gnu
Configurado con: ../gcc-5.3.0/configure --prefix=/usr/local/opt/gcc-5.3.0-32 --x-includes=/usr/local/X11R7/include --x-libraries=/usr/local/X11R7/lib --enable-tls --enable-languages=c,c++ --disable-multilib --disable-bootstrap --host=i686-pc-linux-gnu --build=i686-pc-linux-gnu : (reconfigured) ../gcc-5.3.0/configure --prefix=/usr/local/opt/gcc-5.3.0-32 --x-includes=/usr/local/X11R7/include --x-libraries=/usr/local/X11R7/lib --enable-tls --enable-languages=c,c++,fortran,java --disable-multilib --disable-bootstrap --host=i686-pc-linux-gnu --build=i686-pc-linux-gnu
Modelo de hilos: posix
gcc versión 5.3.0 (GCC) 
COMPILER_PATH=/usr/local/opt/gcc-5.3.0-32/libexec/gcc/i686-pc-linux-gnu/5.3.0/:/usr/local/opt/gcc-5.3.0-32/libexec/gcc/i686-pc-linux-gnu/5.3.0/:/usr/local/opt/gcc-5.3.0-32/libexec/gcc/i686-pc-linux-gnu/:/usr/local/opt/gcc-5.3.0-32/lib/gcc/i686-pc-linux-gnu/5.3.0/:/usr/local/opt/gcc-5.3.0-32/lib/gcc/i686-pc-linux-gnu/
LIBRARY_PATH=/usr/local/opt/gcc-5.3.0-32/lib/gcc/i686-pc-linux-gnu/5.3.0/:/usr/local/opt/gcc-5.3.0-32/lib/gcc/i686-pc-linux-gnu/5.3.0/../../../:/lib/:/usr/lib/
COLLECT_GCC_OPTIONS='-v' '-rdynamic' '-o' 'cmTC_1fbd0' '-mtune=generic' '-march=pentiumpro'
 /usr/local/opt/gcc-5.3.0-32/libexec/gcc/i686-pc-linux-gnu/5.3.0/collect2 -plugin /usr/local/opt/gcc-5.3.0-32/libexec/gcc/i686-pc-linux-gnu/5.3.0/liblto_plugin.so -plugin-opt=/usr/local/opt/gcc-5.3.0-32/libexec/gcc/i686-pc-linux-gnu/5.3.0/lto-wrapper -plugin-opt=-fresolution=/tmp/ccekMBWO.res -plugin-opt=-pass-through=-lgcc -plugin-opt=-pass-through=-lgcc_s -plugin-opt=-pass-through=-lc -plugin-opt=-pass-through=-lgcc -plugin-opt=-pass-through=-lgcc_s --eh-frame-hdr -m elf_i386 -export-dynamic -dynamic-linker /lib/ld-linux.so.2 -o cmTC_1fbd0 /lib/crt1.o /lib/crti.o /usr/local/opt/gcc-5.3.0-32/lib/gcc/i686-pc-linux-gnu/5.3.0/crtbegin.o -L/usr/local/opt/gcc-5.3.0-32/lib/gcc/i686-pc-linux-gnu/5.3.0 -L/usr/local/opt/gcc-5.3.0-32/lib/gcc/i686-pc-linux-gnu/5.3.0/../../.. CMakeFiles/cmTC_1fbd0.dir/CMakeCCompilerABI.c.o -lgcc --as-needed -lgcc_s --no-as-needed -lc -lgcc --as-needed -lgcc_s --no-as-needed /usr/local/opt/gcc-5.3.0-32/lib/gcc/i686-pc-linux-gnu/5.3.0/crtend.o /lib/crtn.o
gmake[1]: atención: Se ha detectado una desviación en el reloj. La construcción podría estar incompleta.
gmake[1]: se sale del directorio '/home/i72pehej/Uni3ero/Algoritmica/Practica4/Codigo/CMakeFiles/CMakeTmp'
gmake: atención: Se ha detectado una desviación en el reloj. La construcción podría estar incompleta.


Parsed C implicit link information from above output:
  link line regex: [^( *|.*[/\])(ld|CMAKE_LINK_STARTFILE-NOTFOUND|([^/\]+-)?ld|collect2)[^/\]*( |$)]
  ignore line: [Change Dir: /home/i72pehej/Uni3ero/Algoritmica/Practica4/Codigo/CMakeFiles/CMakeTmp]
  ignore line: []
  ignore line: [Run Build Command:"/usr/local/bin/gmake" "cmTC_1fbd0/fast"]
  ignore line: [gmake: Atención: El archivo 'Makefile' tiene una hora de modificación 0,018 s en el futuro]
  ignore line: [/usr/local/bin/gmake -f CMakeFiles/cmTC_1fbd0.dir/build.make CMakeFiles/cmTC_1fbd0.dir/build]
  ignore line: [gmake[1]: se entra en el directorio '/home/i72pehej/Uni3ero/Algoritmica/Practica4/Codigo/CMakeFiles/CMakeTmp']
  ignore line: [gmake[1]: Atención: El archivo 'CMakeFiles/cmTC_1fbd0.dir/flags.make' tiene una hora de modificación 0,0012 s en el futuro]
  ignore line: [Building C object CMakeFiles/cmTC_1fbd0.dir/CMakeCCompilerABI.c.o]
  ignore line: [/usr/local/opt/gcc-5.3.0-32/bin/gcc    -o CMakeFiles/cmTC_1fbd0.dir/CMakeCCompilerABI.c.o   -c /usr/local/share/cmake-3.13/Modules/CMakeCCompilerABI.c]
  ignore line: [Linking C executable cmTC_1fbd0]
  ignore line: [/usr/local/bin/cmake -E cmake_link_script CMakeFiles/cmTC_1fbd0.dir/link.txt --verbose=1]
  ignore line: [/usr/local/opt/gcc-5.3.0-32/bin/gcc     -v -rdynamic CMakeFiles/cmTC_1fbd0.dir/CMakeCCompilerABI.c.o  -o cmTC_1fbd0 ]
  ignore line: [Usando especificaciones internas.]
  ignore line: [COLLECT_GCC=/usr/local/opt/gcc-5.3.0-32/bin/gcc]
  ignore line: [COLLECT_LTO_WRAPPER=/usr/local/opt/gcc-5.3.0-32/libexec/gcc/i686-pc-linux-gnu/5.3.0/lto-wrapper]
  ignore line: [Objetivo: i686-pc-linux-gnu]
  ignore line: [Configurado con: ../gcc-5.3.0/configure --prefix=/usr/local/opt/gcc-5.3.0-32 --x-includes=/usr/local/X11R7/include --x-libraries=/usr/local/X11R7/lib --enable-tls --enable-languages=c,c++ --disable-multilib --disable-bootstrap --host=i686-pc-linux-gnu --build=i686-pc-linux-gnu : (reconfigured) ../gcc-5.3.0/configure --prefix=/usr/local/opt/gcc-5.3.0-32 --x-includes=/usr/local/X11R7/include --x-libraries=/usr/local/X11R7/lib --enable-tls --enable-languages=c,c++,fortran,java --disable-multilib --disable-bootstrap --host=i686-pc-linux-gnu --build=i686-pc-linux-gnu]
  ignore line: [Modelo de hilos: posix]
  ignore line: [gcc versión 5.3.0 (GCC) ]
  ignore line: [COMPILER_PATH=/usr/local/opt/gcc-5.3.0-32/libexec/gcc/i686-pc-linux-gnu/5.3.0/:/usr/local/opt/gcc-5.3.0-32/libexec/gcc/i686-pc-linux-gnu/5.3.0/:/usr/local/opt/gcc-5.3.0-32/libexec/gcc/i686-pc-linux-gnu/:/usr/local/opt/gcc-5.3.0-32/lib/gcc/i686-pc-linux-gnu/5.3.0/:/usr/local/opt/gcc-5.3.0-32/lib/gcc/i686-pc-linux-gnu/]
  ignore line: [LIBRARY_PATH=/usr/local/opt/gcc-5.3.0-32/lib/gcc/i686-pc-linux-gnu/5.3.0/:/usr/local/opt/gcc-5.3.0-32/lib/gcc/i686-pc-linux-gnu/5.3.0/../../../:/lib/:/usr/lib/]
  ignore line: [COLLECT_GCC_OPTIONS='-v' '-rdynamic' '-o' 'cmTC_1fbd0' '-mtune=generic' '-march=pentiumpro']
  link line: [ /usr/local/opt/gcc-5.3.0-32/libexec/gcc/i686-pc-linux-gnu/5.3.0/collect2 -plugin /usr/local/opt/gcc-5.3.0-32/libexec/gcc/i686-pc-linux-gnu/5.3.0/liblto_plugin.so -plugin-opt=/usr/local/opt/gcc-5.3.0-32/libexec/gcc/i686-pc-linux-gnu/5.3.0/lto-wrapper -plugin-opt=-fresolution=/tmp/ccekMBWO.res -plugin-opt=-pass-through=-lgcc -plugin-opt=-pass-through=-lgcc_s -plugin-opt=-pass-through=-lc -plugin-opt=-pass-through=-lgcc -plugin-opt=-pass-through=-lgcc_s --eh-frame-hdr -m elf_i386 -export-dynamic -dynamic-linker /lib/ld-linux.so.2 -o cmTC_1fbd0 /lib/crt1.o /lib/crti.o /usr/local/opt/gcc-5.3.0-32/lib/gcc/i686-pc-linux-gnu/5.3.0/crtbegin.o -L/usr/local/opt/gcc-5.3.0-32/lib/gcc/i686-pc-linux-gnu/5.3.0 -L/usr/local/opt/gcc-5.3.0-32/lib/gcc/i686-pc-linux-gnu/5.3.0/../../.. CMakeFiles/cmTC_1fbd0.dir/CMakeCCompilerABI.c.o -lgcc --as-needed -lgcc_s --no-as-needed -lc -lgcc --as-needed -lgcc_s --no-as-needed /usr/local/opt/gcc-5.3.0-32/lib/gcc/i686-pc-linux-gnu/5.3.0/crtend.o /lib/crtn.o]
    arg [/usr/local/opt/gcc-5.3.0-32/libexec/gcc/i686-pc-linux-gnu/5.3.0/collect2] ==> ignore
    arg [-plugin] ==> ignore
    arg [/usr/local/opt/gcc-5.3.0-32/libexec/gcc/i686-pc-linux-gnu/5.3.0/liblto_plugin.so] ==> ignore
    arg [-plugin-opt=/usr/local/opt/gcc-5.3.0-32/libexec/gcc/i686-pc-linux-gnu/5.3.0/lto-wrapper] ==> ignore
    arg [-plugin-opt=-fresolution=/tmp/ccekMBWO.res] ==> ignore
    arg [-plugin-opt=-pass-through=-lgcc] ==> ignore
    arg [-plugin-opt=-pass-through=-lgcc_s] ==> ignore
    arg [-plugin-opt=-pass-through=-lc] ==> ignore
    arg [-plugin-opt=-pass-through=-lgcc] ==> ignore
    arg [-plugin-opt=-pass-through=-lgcc_s] ==> ignore
    arg [--eh-frame-hdr] ==> ignore
    arg [-m] ==> ignore
    arg [elf_i386] ==> ignore
    arg [-export-dynamic] ==> ignore
    arg [-dynamic-linker] ==> ignore
    arg [/lib/ld-linux.so.2] ==> ignore
    arg [-o] ==> ignore
    arg [cmTC_1fbd0] ==> ignore
    arg [/lib/crt1.o] ==> ignore
    arg [/lib/crti.o] ==> ignore
    arg [/usr/local/opt/gcc-5.3.0-32/lib/gcc/i686-pc-linux-gnu/5.3.0/crtbegin.o] ==> ignore
    arg [-L/usr/local/opt/gcc-5.3.0-32/lib/gcc/i686-pc-linux-gnu/5.3.0] ==> dir [/usr/local/opt/gcc-5.3.0-32/lib/gcc/i686-pc-linux-gnu/5.3.0]
    arg [-L/usr/local/opt/gcc-5.3.0-32/lib/gcc/i686-pc-linux-gnu/5.3.0/../../..] ==> dir [/usr/local/opt/gcc-5.3.0-32/lib/gcc/i686-pc-linux-gnu/5.3.0/../../..]
    arg [CMakeFiles/cmTC_1fbd0.dir/CMakeCCompilerABI.c.o] ==> ignore
    arg [-lgcc] ==> lib [gcc]
    arg [--as-needed] ==> ignore
    arg [-lgcc_s] ==> lib [gcc_s]
    arg [--no-as-needed] ==> ignore
    arg [-lc] ==> lib [c]
    arg [-lgcc] ==> lib [gcc]
    arg [--as-needed] ==> ignore
    arg [-lgcc_s] ==> lib [gcc_s]
    arg [--no-as-needed] ==> ignore
    arg [/usr/local/opt/gcc-5.3.0-32/lib/gcc/i686-pc-linux-gnu/5.3.0/crtend.o] ==> ignore
    arg [/lib/crtn.o] ==> ignore
  collapse library dir [/usr/local/opt/gcc-5.3.0-32/lib/gcc/i686-pc-linux-gnu/5.3.0] ==> [/usr/local/opt/gcc-5.3.0-32/lib/gcc/i686-pc-linux-gnu/5.3.0]
  collapse library dir [/usr/local/opt/gcc-5.3.0-32/lib/gcc/i686-pc-linux-gnu/5.3.0/../../..] ==> [/usr/local/opt/gcc-5.3.0-32/lib]
  implicit libs: [gcc;gcc_s;c;gcc;gcc_s]
  implicit dirs: [/usr/local/opt/gcc-5.3.0-32/lib/gcc/i686-pc-linux-gnu/5.3.0;/usr/local/opt/gcc-5.3.0-32/lib]
  implicit fwks: []




Detecting C [-std=c11] compiler features compiled with the following output:
Change Dir: /home/i72pehej/Uni3ero/Algoritmica/Practica4/Codigo/CMakeFiles/CMakeTmp

Run Build Command:"/usr/local/bin/gmake" "cmTC_c0182/fast"
gmake: Atención: El archivo 'Makefile' tiene una hora de modificación 0,017 s en el futuro
/usr/local/bin/gmake -f CMakeFiles/cmTC_c0182.dir/build.make CMakeFiles/cmTC_c0182.dir/build
gmake[1]: se entra en el directorio '/home/i72pehej/Uni3ero/Algoritmica/Practica4/Codigo/CMakeFiles/CMakeTmp'
gmake[1]: Atención: El archivo 'CMakeFiles/cmTC_c0182.dir/progress.make' tiene una hora de modificación 0,021 s en el futuro
Building C object CMakeFiles/cmTC_c0182.dir/feature_tests.c.o
/usr/local/opt/gcc-5.3.0-32/bin/gcc   -std=c11 -o CMakeFiles/cmTC_c0182.dir/feature_tests.c.o   -c /home/i72pehej/Uni3ero/Algoritmica/Practica4/Codigo/CMakeFiles/feature_tests.c
Linking C executable cmTC_c0182
/usr/local/bin/cmake -E cmake_link_script CMakeFiles/cmTC_c0182.dir/link.txt --verbose=1
/usr/local/opt/gcc-5.3.0-32/bin/gcc      -rdynamic CMakeFiles/cmTC_c0182.dir/feature_tests.c.o  -o cmTC_c0182 
gmake[1]: atención: Se ha detectado una desviación en el reloj. La construcción podría estar incompleta.
gmake[1]: se sale del directorio '/home/i72pehej/Uni3ero/Algoritmica/Practica4/Codigo/CMakeFiles/CMakeTmp'
gmake: atención: Se ha detectado una desviación en el reloj. La construcción podría estar incompleta.


    Feature record: C_FEATURE:1c_function_prototypes
    Feature record: C_FEATURE:1c_restrict
    Feature record: C_FEATURE:1c_static_assert
    Feature record: C_FEATURE:1c_variadic_macros


Detecting C [-std=c99] compiler features compiled with the following output:
Change Dir: /home/i72pehej/Uni3ero/Algoritmica/Practica4/Codigo/CMakeFiles/CMakeTmp

Run Build Command:"/usr/local/bin/gmake" "cmTC_24c55/fast"
gmake: Atención: El archivo 'Makefile' tiene una hora de modificación 0,015 s en el futuro
/usr/local/bin/gmake -f CMakeFiles/cmTC_24c55.dir/build.make CMakeFiles/cmTC_24c55.dir/build
gmake[1]: se entra en el directorio '/home/i72pehej/Uni3ero/Algoritmica/Practica4/Codigo/CMakeFiles/CMakeTmp'
gmake[1]: Atención: El archivo 'CMakeFiles/cmTC_24c55.dir/progress.make' tiene una hora de modificación 0,019 s en el futuro
Building C object CMakeFiles/cmTC_24c55.dir/feature_tests.c.o
/usr/local/opt/gcc-5.3.0-32/bin/gcc   -std=c99 -o CMakeFiles/cmTC_24c55.dir/feature_tests.c.o   -c /home/i72pehej/Uni3ero/Algoritmica/Practica4/Codigo/CMakeFiles/feature_tests.c
Linking C executable cmTC_24c55
/usr/local/bin/cmake -E cmake_link_script CMakeFiles/cmTC_24c55.dir/link.txt --verbose=1
/usr/local/opt/gcc-5.3.0-32/bin/gcc      -rdynamic CMakeFiles/cmTC_24c55.dir/feature_tests.c.o  -o cmTC_24c55 
gmake[1]: atención: Se ha detectado una desviación en el reloj. La construcción podría estar incompleta.
gmake[1]: se sale del directorio '/home/i72pehej/Uni3ero/Algoritmica/Practica4/Codigo/CMakeFiles/CMakeTmp'
gmake: atención: Se ha detectado una desviación en el reloj. La construcción podría estar incompleta.


    Feature record: C_FEATURE:1c_function_prototypes
    Feature record: C_FEATURE:1c_restrict
    Feature record: C_FEATURE:0c_static_assert
    Feature record: C_FEATURE:1c_variadic_macros


Detecting C [-std=c90] compiler features compiled with the following output:
Change Dir: /home/i72pehej/Uni3ero/Algoritmica/Practica4/Codigo/CMakeFiles/CMakeTmp

Run Build Command:"/usr/local/bin/gmake" "cmTC_12181/fast"
gmake: Atención: El archivo 'Makefile' tiene una hora de modificación 0,015 s en el futuro
/usr/local/bin/gmake -f CMakeFiles/cmTC_12181.dir/build.make CMakeFiles/cmTC_12181.dir/build
gmake[1]: se entra en el directorio '/home/i72pehej/Uni3ero/Algoritmica/Practica4/Codigo/CMakeFiles/CMakeTmp'
gmake[1]: Atención: El archivo 'CMakeFiles/cmTC_12181.dir/progress.make' tiene una hora de modificación 0,019 s en el futuro
Building C object CMakeFiles/cmTC_12181.dir/feature_tests.c.o
/usr/local/opt/gcc-5.3.0-32/bin/gcc   -std=c90 -o CMakeFiles/cmTC_12181.dir/feature_tests.c.o   -c /home/i72pehej/Uni3ero/Algoritmica/Practica4/Codigo/CMakeFiles/feature_tests.c
Linking C executable cmTC_12181
/usr/local/bin/cmake -E cmake_link_script CMakeFiles/cmTC_12181.dir/link.txt --verbose=1
/usr/local/opt/gcc-5.3.0-32/bin/gcc      -rdynamic CMakeFiles/cmTC_12181.dir/feature_tests.c.o  -o cmTC_12181 
gmake[1]: atención: Se ha detectado una desviación en el reloj. La construcción podría estar incompleta.
gmake[1]: se sale del directorio '/home/i72pehej/Uni3ero/Algoritmica/Practica4/Codigo/CMakeFiles/CMakeTmp'
gmake: atención: Se ha detectado una desviación en el reloj. La construcción podría estar incompleta.


    Feature record: C_FEATURE:1c_function_prototypes
    Feature record: C_FEATURE:0c_restrict
    Feature record: C_FEATURE:0c_static_assert
    Feature record: C_FEATURE:0c_variadic_macros
Determining if the CXX compiler works passed with the following output:
Change Dir: /home/i72pehej/Uni3ero/Algoritmica/Practica4/Codigo/CMakeFiles/CMakeTmp

Run Build Command:"/usr/local/bin/gmake" "cmTC_0d79a/fast"
gmake: Atención: El archivo 'Makefile' tiene una hora de modificación 0,01 s en el futuro
/usr/local/bin/gmake -f CMakeFiles/cmTC_0d79a.dir/build.make CMakeFiles/cmTC_0d79a.dir/build
gmake[1]: se entra en el directorio '/home/i72pehej/Uni3ero/Algoritmica/Practica4/Codigo/CMakeFiles/CMakeTmp'
gmake[1]: Atención: El archivo 'CMakeFiles/cmTC_0d79a.dir/progress.make' tiene una hora de modificación 0,017 s en el futuro
Building CXX object CMakeFiles/cmTC_0d79a.dir/testCXXCompiler.cxx.o
/usr/local/opt/gcc-5.3.0-32/bin/c++     -o CMakeFiles/cmTC_0d79a.dir/testCXXCompiler.cxx.o -c /home/i72pehej/Uni3ero/Algoritmica/Practica4/Codigo/CMakeFiles/CMakeTmp/testCXXCompiler.cxx
Linking CXX executable cmTC_0d79a
/usr/local/bin/cmake -E cmake_link_script CMakeFiles/cmTC_0d79a.dir/link.txt --verbose=1
/usr/local/opt/gcc-5.3.0-32/bin/c++       -rdynamic CMakeFiles/cmTC_0d79a.dir/testCXXCompiler.cxx.o  -o cmTC_0d79a 
gmake[1]: atención: Se ha detectado una desviación en el reloj. La construcción podría estar incompleta.
gmake[1]: se sale del directorio '/home/i72pehej/Uni3ero/Algoritmica/Practica4/Codigo/CMakeFiles/CMakeTmp'
gmake: atención: Se ha detectado una desviación en el reloj. La construcción podría estar incompleta.


Detecting CXX compiler ABI info compiled with the following output:
Change Dir: /home/i72pehej/Uni3ero/Algoritmica/Practica4/Codigo/CMakeFiles/CMakeTmp

Run Build Command:"/usr/local/bin/gmake" "cmTC_d6866/fast"
gmake: Atención: El archivo 'Makefile' tiene una hora de modificación 0,017 s en el futuro
/usr/local/bin/gmake -f CMakeFiles/cmTC_d6866.dir/build.make CMakeFiles/cmTC_d6866.dir/build
gmake[1]: se entra en el directorio '/home/i72pehej/Uni3ero/Algoritmica/Practica4/Codigo/CMakeFiles/CMakeTmp'
gmake[1]: Atención: El archivo 'CMakeFiles/cmTC_d6866.dir/progress.make' tiene una hora de modificación 0,021 s en el futuro
Building CXX object CMakeFiles/cmTC_d6866.dir/CMakeCXXCompilerABI.cpp.o
/usr/local/opt/gcc-5.3.0-32/bin/c++     -o CMakeFiles/cmTC_d6866.dir/CMakeCXXCompilerABI.cpp.o -c /usr/local/share/cmake-3.13/Modules/CMakeCXXCompilerABI.cpp
Linking CXX executable cmTC_d6866
/usr/local/bin/cmake -E cmake_link_script CMakeFiles/cmTC_d6866.dir/link.txt --verbose=1
/usr/local/opt/gcc-5.3.0-32/bin/c++      -v -rdynamic CMakeFiles/cmTC_d6866.dir/CMakeCXXCompilerABI.cpp.o  -o cmTC_d6866 
Usando especificaciones internas.
COLLECT_GCC=/usr/local/opt/gcc-5.3.0-32/bin/c++
COLLECT_LTO_WRAPPER=/usr/local/opt/gcc-5.3.0-32/libexec/gcc/i686-pc-linux-gnu/5.3.0/lto-wrapper
Objetivo: i686-pc-linux-gnu
Configurado con: ../gcc-5.3.0/configure --prefix=/usr/local/opt/gcc-5.3.0-32 --x-includes=/usr/local/X11R7/include --x-libraries=/usr/local/X11R7/lib --enable-tls --enable-languages=c,c++ --disable-multilib --disable-bootstrap --host=i686-pc-linux-gnu --build=i686-pc-linux-gnu : (reconfigured) ../gcc-5.3.0/configure --prefix=/usr/local/opt/gcc-5.3.0-32 --x-includes=/usr/local/X11R7/include --x-libraries=/usr/local/X11R7/lib --enable-tls --enable-languages=c,c++,fortran,java --disable-multilib --disable-bootstrap --host=i686-pc-linux-gnu --build=i686-pc-linux-gnu
Modelo de hilos: posix
gcc versión 5.3.0 (GCC) 
COMPILER_PATH=/usr/local/opt/gcc-5.3.0-32/libexec/gcc/i686-pc-linux-gnu/5.3.0/:/usr/local/opt/gcc-5.3.0-32/libexec/gcc/i686-pc-linux-gnu/5.3.0/:/usr/local/opt/gcc-5.3.0-32/libexec/gcc/i686-pc-linux-gnu/:/usr/local/opt/gcc-5.3.0-32/lib/gcc/i686-pc-linux-gnu/5.3.0/:/usr/local/opt/gcc-5.3.0-32/lib/gcc/i686-pc-linux-gnu/
LIBRARY_PATH=/usr/local/opt/gcc-5.3.0-32/lib/gcc/i686-pc-linux-gnu/5.3.0/:/usr/local/opt/gcc-5.3.0-32/lib/gcc/i686-pc-linux-gnu/5.3.0/../../../:/lib/:/usr/lib/
COLLECT_GCC_OPTIONS='-v' '-rdynamic' '-o' 'cmTC_d6866' '-shared-libgcc' '-mtune=generic' '-march=pentiumpro'
 /usr/local/opt/gcc-5.3.0-32/libexec/gcc/i686-pc-linux-gnu/5.3.0/collect2 -plugin /usr/local/opt/gcc-5.3.0-32/libexec/gcc/i686-pc-linux-gnu/5.3.0/liblto_plugin.so -plugin-opt=/usr/local/opt/gcc-5.3.0-32/libexec/gcc/i686-pc-linux-gnu/5.3.0/lto-wrapper -plugin-opt=-fresolution=/tmp/ccJhPwbs.res -plugin-opt=-pass-through=-lgcc_s -plugin-opt=-pass-through=-lgcc -plugin-opt=-pass-through=-lc -plugin-opt=-pass-through=-lgcc_s -plugin-opt=-pass-through=-lgcc --eh-frame-hdr -m elf_i386 -export-dynamic -dynamic-linker /lib/ld-linux.so.2 -o cmTC_d6866 /lib/crt1.o /lib/crti.o /usr/local/opt/gcc-5.3.0-32/lib/gcc/i686-pc-linux-gnu/5.3.0/crtbegin.o -L/usr/local/opt/gcc-5.3.0-32/lib/gcc/i686-pc-linux-gnu/5.3.0 -L/usr/local/opt/gcc-5.3.0-32/lib/gcc/i686-pc-linux-gnu/5.3.0/../../.. CMakeFiles/cmTC_d6866.dir/CMakeCXXCompilerABI.cpp.o -lstdc++ -lm -lgcc_s -lgcc -lc -lgcc_s -lgcc /usr/local/opt/gcc-5.3.0-32/lib/gcc/i686-pc-linux-gnu/5.3.0/crtend.o /lib/crtn.o
gmake[1]: atención: Se ha detectado una desviación en el reloj. La construcción podría estar incompleta.
gmake[1]: se sale del directorio '/home/i72pehej/Uni3ero/Algoritmica/Practica4/Codigo/CMakeFiles/CMakeTmp'
gmake: atención: Se ha detectado una desviación en el reloj. La construcción podría estar incompleta.


Parsed CXX implicit link information from above output:
  link line regex: [^( *|.*[/\])(ld|CMAKE_LINK_STARTFILE-NOTFOUND|([^/\]+-)?ld|collect2)[^/\]*( |$)]
  ignore line: [Change Dir: /home/i72pehej/Uni3ero/Algoritmica/Practica4/Codigo/CMakeFiles/CMakeTmp]
  ignore line: []
  ignore line: [Run Build Command:"/usr/local/bin/gmake" "cmTC_d6866/fast"]
  ignore line: [gmake: Atención: El archivo 'Makefile' tiene una hora de modificación 0,017 s en el futuro]
  ignore line: [/usr/local/bin/gmake -f CMakeFiles/cmTC_d6866.dir/build.make CMakeFiles/cmTC_d6866.dir/build]
  ignore line: [gmake[1]: se entra en el directorio '/home/i72pehej/Uni3ero/Algoritmica/Practica4/Codigo/CMakeFiles/CMakeTmp']
  ignore line: [gmake[1]: Atención: El archivo 'CMakeFiles/cmTC_d6866.dir/progress.make' tiene una hora de modificación 0,021 s en el futuro]
  ignore line: [Building CXX object CMakeFiles/cmTC_d6866.dir/CMakeCXXCompilerABI.cpp.o]
  ignore line: [/usr/local/opt/gcc-5.3.0-32/bin/c++     -o CMakeFiles/cmTC_d6866.dir/CMakeCXXCompilerABI.cpp.o -c /usr/local/share/cmake-3.13/Modules/CMakeCXXCompilerABI.cpp]
  ignore line: [Linking CXX executable cmTC_d6866]
  ignore line: [/usr/local/bin/cmake -E cmake_link_script CMakeFiles/cmTC_d6866.dir/link.txt --verbose=1]
  ignore line: [/usr/local/opt/gcc-5.3.0-32/bin/c++      -v -rdynamic CMakeFiles/cmTC_d6866.dir/CMakeCXXCompilerABI.cpp.o  -o cmTC_d6866 ]
  ignore line: [Usando especificaciones internas.]
  ignore line: [COLLECT_GCC=/usr/local/opt/gcc-5.3.0-32/bin/c++]
  ignore line: [COLLECT_LTO_WRAPPER=/usr/local/opt/gcc-5.3.0-32/libexec/gcc/i686-pc-linux-gnu/5.3.0/lto-wrapper]
  ignore line: [Objetivo: i686-pc-linux-gnu]
  ignore line: [Configurado con: ../gcc-5.3.0/configure --prefix=/usr/local/opt/gcc-5.3.0-32 --x-includes=/usr/local/X11R7/include --x-libraries=/usr/local/X11R7/lib --enable-tls --enable-languages=c,c++ --disable-multilib --disable-bootstrap --host=i686-pc-linux-gnu --build=i686-pc-linux-gnu : (reconfigured) ../gcc-5.3.0/configure --prefix=/usr/local/opt/gcc-5.3.0-32 --x-includes=/usr/local/X11R7/include --x-libraries=/usr/local/X11R7/lib --enable-tls --enable-languages=c,c++,fortran,java --disable-multilib --disable-bootstrap --host=i686-pc-linux-gnu --build=i686-pc-linux-gnu]
  ignore line: [Modelo de hilos: posix]
  ignore line: [gcc versión 5.3.0 (GCC) ]
  ignore line: [COMPILER_PATH=/usr/local/opt/gcc-5.3.0-32/libexec/gcc/i686-pc-linux-gnu/5.3.0/:/usr/local/opt/gcc-5.3.0-32/libexec/gcc/i686-pc-linux-gnu/5.3.0/:/usr/local/opt/gcc-5.3.0-32/libexec/gcc/i686-pc-linux-gnu/:/usr/local/opt/gcc-5.3.0-32/lib/gcc/i686-pc-linux-gnu/5.3.0/:/usr/local/opt/gcc-5.3.0-32/lib/gcc/i686-pc-linux-gnu/]
  ignore line: [LIBRARY_PATH=/usr/local/opt/gcc-5.3.0-32/lib/gcc/i686-pc-linux-gnu/5.3.0/:/usr/local/opt/gcc-5.3.0-32/lib/gcc/i686-pc-linux-gnu/5.3.0/../../../:/lib/:/usr/lib/]
  ignore line: [COLLECT_GCC_OPTIONS='-v' '-rdynamic' '-o' 'cmTC_d6866' '-shared-libgcc' '-mtune=generic' '-march=pentiumpro']
  link line: [ /usr/local/opt/gcc-5.3.0-32/libexec/gcc/i686-pc-linux-gnu/5.3.0/collect2 -plugin /usr/local/opt/gcc-5.3.0-32/libexec/gcc/i686-pc-linux-gnu/5.3.0/liblto_plugin.so -plugin-opt=/usr/local/opt/gcc-5.3.0-32/libexec/gcc/i686-pc-linux-gnu/5.3.0/lto-wrapper -plugin-opt=-fresolution=/tmp/ccJhPwbs.res -plugin-opt=-pass-through=-lgcc_s -plugin-opt=-pass-through=-lgcc -plugin-opt=-pass-through=-lc -plugin-opt=-pass-through=-lgcc_s -plugin-opt=-pass-through=-lgcc --eh-frame-hdr -m elf_i386 -export-dynamic -dynamic-linker /lib/ld-linux.so.2 -o cmTC_d6866 /lib/crt1.o /lib/crti.o /usr/local/opt/gcc-5.3.0-32/lib/gcc/i686-pc-linux-gnu/5.3.0/crtbegin.o -L/usr/local/opt/gcc-5.3.0-32/lib/gcc/i686-pc-linux-gnu/5.3.0 -L/usr/local/opt/gcc-5.3.0-32/lib/gcc/i686-pc-linux-gnu/5.3.0/../../.. CMakeFiles/cmTC_d6866.dir/CMakeCXXCompilerABI.cpp.o -lstdc++ -lm -lgcc_s -lgcc -lc -lgcc_s -lgcc /usr/local/opt/gcc-5.3.0-32/lib/gcc/i686-pc-linux-gnu/5.3.0/crtend.o /lib/crtn.o]
    arg [/usr/local/opt/gcc-5.3.0-32/libexec/gcc/i686-pc-linux-gnu/5.3.0/collect2] ==> ignore
    arg [-plugin] ==> ignore
    arg [/usr/local/opt/gcc-5.3.0-32/libexec/gcc/i686-pc-linux-gnu/5.3.0/liblto_plugin.so] ==> ignore
    arg [-plugin-opt=/usr/local/opt/gcc-5.3.0-32/libexec/gcc/i686-pc-linux-gnu/5.3.0/lto-wrapper] ==> ignore
    arg [-plugin-opt=-fresolution=/tmp/ccJhPwbs.res] ==> ignore
    arg [-plugin-opt=-pass-through=-lgcc_s] ==> ignore
    arg [-plugin-opt=-pass-through=-lgcc] ==> ignore
    arg [-plugin-opt=-pass-through=-lc] ==> ignore
    arg [-plugin-opt=-pass-through=-lgcc_s] ==> ignore
    arg [-plugin-opt=-pass-through=-lgcc] ==> ignore
    arg [--eh-frame-hdr] ==> ignore
    arg [-m] ==> ignore
    arg [elf_i386] ==> ignore
    arg [-export-dynamic] ==> ignore
    arg [-dynamic-linker] ==> ignore
    arg [/lib/ld-linux.so.2] ==> ignore
    arg [-o] ==> ignore
    arg [cmTC_d6866] ==> ignore
    arg [/lib/crt1.o] ==> ignore
    arg [/lib/crti.o] ==> ignore
    arg [/usr/local/opt/gcc-5.3.0-32/lib/gcc/i686-pc-linux-gnu/5.3.0/crtbegin.o] ==> ignore
    arg [-L/usr/local/opt/gcc-5.3.0-32/lib/gcc/i686-pc-linux-gnu/5.3.0] ==> dir [/usr/local/opt/gcc-5.3.0-32/lib/gcc/i686-pc-linux-gnu/5.3.0]
    arg [-L/usr/local/opt/gcc-5.3.0-32/lib/gcc/i686-pc-linux-gnu/5.3.0/../../..] ==> dir [/usr/local/opt/gcc-5.3.0-32/lib/gcc/i686-pc-linux-gnu/5.3.0/../../..]
    arg [CMakeFiles/cmTC_d6866.dir/CMakeCXXCompilerABI.cpp.o] ==> ignore
    arg [-lstdc++] ==> lib [stdc++]
    arg [-lm] ==> lib [m]
    arg [-lgcc_s] ==> lib [gcc_s]
    arg [-lgcc] ==> lib [gcc]
    arg [-lc] ==> lib [c]
    arg [-lgcc_s] ==> lib [gcc_s]
    arg [-lgcc] ==> lib [gcc]
    arg [/usr/local/opt/gcc-5.3.0-32/lib/gcc/i686-pc-linux-gnu/5.3.0/crtend.o] ==> ignore
    arg [/lib/crtn.o] ==> ignore
  collapse library dir [/usr/local/opt/gcc-5.3.0-32/lib/gcc/i686-pc-linux-gnu/5.3.0] ==> [/usr/local/opt/gcc-5.3.0-32/lib/gcc/i686-pc-linux-gnu/5.3.0]
  collapse library dir [/usr/local/opt/gcc-5.3.0-32/lib/gcc/i686-pc-linux-gnu/5.3.0/../../..] ==> [/usr/local/opt/gcc-5.3.0-32/lib]
  implicit libs: [stdc++;m;gcc_s;gcc;c;gcc_s;gcc]
  implicit dirs: [/usr/local/opt/gcc-5.3.0-32/lib/gcc/i686-pc-linux-gnu/5.3.0;/usr/local/opt/gcc-5.3.0-32/lib]
  implicit fwks: []




Detecting CXX [-std=c++1z] compiler features compiled with the following output:
Change Dir: /home/i72pehej/Uni3ero/Algoritmica/Practica4/Codigo/CMakeFiles/CMakeTmp

Run Build Command:"/usr/local/bin/gmake" "cmTC_71fa5/fast"
/usr/local/bin/gmake -f CMakeFiles/cmTC_71fa5.dir/build.make CMakeFiles/cmTC_71fa5.dir/build
gmake[1]: se entra en el directorio '/home/i72pehej/Uni3ero/Algoritmica/Practica4/Codigo/CMakeFiles/CMakeTmp'
Building CXX object CMakeFiles/cmTC_71fa5.dir/feature_tests.cxx.o
/usr/local/opt/gcc-5.3.0-32/bin/c++    -std=c++1z -o CMakeFiles/cmTC_71fa5.dir/feature_tests.cxx.o -c /home/i72pehej/Uni3ero/Algoritmica/Practica4/Codigo/CMakeFiles/feature_tests.cxx
Linking CXX executable cmTC_71fa5
/usr/local/bin/cmake -E cmake_link_script CMakeFiles/cmTC_71fa5.dir/link.txt --verbose=1
/usr/local/opt/gcc-5.3.0-32/bin/c++       -rdynamic CMakeFiles/cmTC_71fa5.dir/feature_tests.cxx.o  -o cmTC_71fa5 
gmake[1]: se sale del directorio '/home/i72pehej/Uni3ero/Algoritmica/Practica4/Codigo/CMakeFiles/CMakeTmp'


    Feature record: CXX_FEATURE:1cxx_aggregate_default_initializers
    Feature record: CXX_FEATURE:1cxx_alias_templates
    Feature record: CXX_FEATURE:1cxx_alignas
    Feature record: CXX_FEATURE:1cxx_alignof
    Feature record: CXX_FEATURE:1cxx_attributes
    Feature record: CXX_FEATURE:1cxx_attribute_deprecated
    Feature record: CXX_FEATURE:1cxx_auto_type
    Feature record: CXX_FEATURE:1cxx_binary_literals
    Feature record: CXX_FEATURE:1cxx_constexpr
    Feature record: CXX_FEATURE:1cxx_contextual_conversions
    Feature record: CXX_FEATURE:1cxx_decltype
    Feature record: CXX_FEATURE:1cxx_decltype_auto
    Feature record: CXX_FEATURE:1cxx_decltype_incomplete_return_types
    Feature record: CXX_FEATURE:1cxx_default_function_template_args
    Feature record: CXX_FEATURE:1cxx_defaulted_functions
    Feature record: CXX_FEATURE:1cxx_defaulted_move_initializers
    Feature record: CXX_FEATURE:1cxx_delegating_constructors
    Feature record: CXX_FEATURE:1cxx_deleted_functions
    Feature record: CXX_FEATURE:1cxx_digit_separators
    Feature record: CXX_FEATURE:1cxx_enum_forward_declarations
    Feature record: CXX_FEATURE:1cxx_explicit_conversions
    Feature record: CXX_FEATURE:1cxx_extended_friend_declarations
    Feature record: CXX_FEATURE:1cxx_extern_templates
    Feature record: CXX_FEATURE:1cxx_final
    Feature record: CXX_FEATURE:1cxx_func_identifier
    Feature record: CXX_FEATURE:1cxx_generalized_initializers
    Feature record: CXX_FEATURE:1cxx_generic_lambdas
    Feature record: CXX_FEATURE:1cxx_inheriting_constructors
    Feature record: CXX_FEATURE:1cxx_inline_namespaces
    Feature record: CXX_FEATURE:1cxx_lambdas
    Feature record: CXX_FEATURE:1cxx_lambda_init_captures
    Feature record: CXX_FEATURE:1cxx_local_type_template_args
    Feature record: CXX_FEATURE:1cxx_long_long_type
    Feature record: CXX_FEATURE:1cxx_noexcept
    Feature record: CXX_FEATURE:1cxx_nonstatic_member_init
    Feature record: CXX_FEATURE:1cxx_nullptr
    Feature record: CXX_FEATURE:1cxx_override
    Feature record: CXX_FEATURE:1cxx_range_for
    Feature record: CXX_FEATURE:1cxx_raw_string_literals
    Feature record: CXX_FEATURE:1cxx_reference_qualified_functions
    Feature record: CXX_FEATURE:1cxx_relaxed_constexpr
    Feature record: CXX_FEATURE:1cxx_return_type_deduction
    Feature record: CXX_FEATURE:1cxx_right_angle_brackets
    Feature record: CXX_FEATURE:1cxx_rvalue_references
    Feature record: CXX_FEATURE:1cxx_sizeof_member
    Feature record: CXX_FEATURE:1cxx_static_assert
    Feature record: CXX_FEATURE:1cxx_strong_enums
    Feature record: CXX_FEATURE:1cxx_template_template_parameters
    Feature record: CXX_FEATURE:1cxx_thread_local
    Feature record: CXX_FEATURE:1cxx_trailing_return_types
    Feature record: CXX_FEATURE:1cxx_unicode_literals
    Feature record: CXX_FEATURE:1cxx_uniform_initialization
    Feature record: CXX_FEATURE:1cxx_unrestricted_unions
    Feature record: CXX_FEATURE:1cxx_user_literals
    Feature record: CXX_FEATURE:1cxx_variable_templates
    Feature record: CXX_FEATURE:1cxx_variadic_macros
    Feature record: CXX_FEATURE:1cxx_variadic_templates


Detecting CXX [-std=c++14] compiler features compiled with the following output:
Change Dir: /home/i72pehej/Uni3ero/Algoritmica/Practica4/Codigo/CMakeFiles/CMakeTmp

Run Build Command:"/usr/local/bin/gmake" "cmTC_29413/fast"
gmake: Atención: El archivo 'Makefile' tiene una hora de modificación 0,0042 s en el futuro
/usr/local/bin/gmake -f CMakeFiles/cmTC_29413.dir/build.make CMakeFiles/cmTC_29413.dir/build
gmake[1]: se entra en el directorio '/home/i72pehej/Uni3ero/Algoritmica/Practica4/Codigo/CMakeFiles/CMakeTmp'
gmake[1]: Atención: El archivo 'CMakeFiles/cmTC_29413.dir/progress.make' tiene una hora de modificación 0,009 s en el futuro
Building CXX object CMakeFiles/cmTC_29413.dir/feature_tests.cxx.o
/usr/local/opt/gcc-5.3.0-32/bin/c++    -std=c++14 -o CMakeFiles/cmTC_29413.dir/feature_tests.cxx.o -c /home/i72pehej/Uni3ero/Algoritmica/Practica4/Codigo/CMakeFiles/feature_tests.cxx
Linking CXX executable cmTC_29413
/usr/local/bin/cmake -E cmake_link_script CMakeFiles/cmTC_29413.dir/link.txt --verbose=1
/usr/local/opt/gcc-5.3.0-32/bin/c++       -rdynamic CMakeFiles/cmTC_29413.dir/feature_tests.cxx.o  -o cmTC_29413 
gmake[1]: atención: Se ha detectado una desviación en el reloj. La construcción podría estar incompleta.
gmake[1]: se sale del directorio '/home/i72pehej/Uni3ero/Algoritmica/Practica4/Codigo/CMakeFiles/CMakeTmp'
gmake: atención: Se ha detectado una desviación en el reloj. La construcción podría estar incompleta.


    Feature record: CXX_FEATURE:1cxx_aggregate_default_initializers
    Feature record: CXX_FEATURE:1cxx_alias_templates
    Feature record: CXX_FEATURE:1cxx_alignas
    Feature record: CXX_FEATURE:1cxx_alignof
    Feature record: CXX_FEATURE:1cxx_attributes
    Feature record: CXX_FEATURE:1cxx_attribute_deprecated
    Feature record: CXX_FEATURE:1cxx_auto_type
    Feature record: CXX_FEATURE:1cxx_binary_literals
    Feature record: CXX_FEATURE:1cxx_constexpr
    Feature record: CXX_FEATURE:1cxx_contextual_conversions
    Feature record: CXX_FEATURE:1cxx_decltype
    Feature record: CXX_FEATURE:1cxx_decltype_auto
    Feature record: CXX_FEATURE:1cxx_decltype_incomplete_return_types
    Feature record: CXX_FEATURE:1cxx_default_function_template_args
    Feature record: CXX_FEATURE:1cxx_defaulted_functions
    Feature record: CXX_FEATURE:1cxx_defaulted_move_initializers
    Feature record: CXX_FEATURE:1cxx_delegating_constructors
    Feature record: CXX_FEATURE:1cxx_deleted_functions
    Feature record: CXX_FEATURE:1cxx_digit_separators
    Feature record: CXX_FEATURE:1cxx_enum_forward_declarations
    Feature record: CXX_FEATURE:1cxx_explicit_conversions
    Feature record: CXX_FEATURE:1cxx_extended_friend_declarations
    Feature record: CXX_FEATURE:1cxx_extern_templates
    Feature record: CXX_FEATURE:1cxx_final
    Feature record: CXX_FEATURE:1cxx_func_identifier
    Feature record: CXX_FEATURE:1cxx_generalized_initializers
    Feature record: CXX_FEATURE:1cxx_generic_lambdas
    Feature record: CXX_FEATURE:1cxx_inheriting_constructors
    Feature record: CXX_FEATURE:1cxx_inline_namespaces
    Feature record: CXX_FEATURE:1cxx_lambdas
    Feature record: CXX_FEATURE:1cxx_lambda_init_captures
    Feature record: CXX_FEATURE:1cxx_local_type_template_args
    Feature record: CXX_FEATURE:1cxx_long_long_type
    Feature record: CXX_FEATURE:1cxx_noexcept
    Feature record: CXX_FEATURE:1cxx_nonstatic_member_init
    Feature record: CXX_FEATURE:1cxx_nullptr
    Feature record: CXX_FEATURE:1cxx_override
    Feature record: CXX_FEATURE:1cxx_range_for
    Feature record: CXX_FEATURE:1cxx_raw_string_literals
    Feature record: CXX_FEATURE:1cxx_reference_qualified_functions
    Feature record: CXX_FEATURE:1cxx_relaxed_constexpr
    Feature record: CXX_FEATURE:1cxx_return_type_deduction
    Feature record: CXX_FEATURE:1cxx_right_angle_brackets
    Feature record: CXX_FEATURE:1cxx_rvalue_references
    Feature record: CXX_FEATURE:1cxx_sizeof_member
    Feature record: CXX_FEATURE:1cxx_static_assert
    Feature record: CXX_FEATURE:1cxx_strong_enums
    Feature record: CXX_FEATURE:1cxx_template_template_parameters
    Feature record: CXX_FEATURE:1cxx_thread_local
    Feature record: CXX_FEATURE:1cxx_trailing_return_types
    Feature record: CXX_FEATURE:1cxx_unicode_literals
    Feature record: CXX_FEATURE:1cxx_uniform_initialization
    Feature record: CXX_FEATURE:1cxx_unrestricted_unions
    Feature record: CXX_FEATURE:1cxx_user_literals
    Feature record: CXX_FEATURE:1cxx_variable_templates
    Feature record: CXX_FEATURE:1cxx_variadic_macros
    Feature record: CXX_FEATURE:1cxx_variadic_templates


Detecting CXX [-std=c++11] compiler features compiled with the following output:
Change Dir: /home/i72pehej/Uni3ero/Algoritmica/Practica4/Codigo/CMakeFiles/CMakeTmp

Run Build Command:"/usr/local/bin/gmake" "cmTC_5d1c5/fast"
gmake: Atención: El archivo 'Makefile' tiene una hora de modificación 0,0021 s en el futuro
/usr/local/bin/gmake -f CMakeFiles/cmTC_5d1c5.dir/build.make CMakeFiles/cmTC_5d1c5.dir/build
gmake[1]: se entra en el directorio '/home/i72pehej/Uni3ero/Algoritmica/Practica4/Codigo/CMakeFiles/CMakeTmp'
gmake[1]: Atención: El archivo 'CMakeFiles/cmTC_5d1c5.dir/progress.make' tiene una hora de modificación 0,0085 s en el futuro
Building CXX object CMakeFiles/cmTC_5d1c5.dir/feature_tests.cxx.o
/usr/local/opt/gcc-5.3.0-32/bin/c++    -std=c++11 -o CMakeFiles/cmTC_5d1c5.dir/feature_tests.cxx.o -c /home/i72pehej/Uni3ero/Algoritmica/Practica4/Codigo/CMakeFiles/feature_tests.cxx
Linking CXX executable cmTC_5d1c5
/usr/local/bin/cmake -E cmake_link_script CMakeFiles/cmTC_5d1c5.dir/link.txt --verbose=1
/usr/local/opt/gcc-5.3.0-32/bin/c++       -rdynamic CMakeFiles/cmTC_5d1c5.dir/feature_tests.cxx.o  -o cmTC_5d1c5 
gmake[1]: atención: Se ha detectado una desviación en el reloj. La construcción podría estar incompleta.
gmake[1]: se sale del directorio '/home/i72pehej/Uni3ero/Algoritmica/Practica4/Codigo/CMakeFiles/CMakeTmp'
gmake: atención: Se ha detectado una desviación en el reloj. La construcción podría estar incompleta.


    Feature record: CXX_FEATURE:0cxx_aggregate_default_initializers
    Feature record: CXX_FEATURE:1cxx_alias_templates
    Feature record: CXX_FEATURE:1cxx_alignas
    Feature record: CXX_FEATURE:1cxx_alignof
    Feature record: CXX_FEATURE:1cxx_attributes
    Feature record: CXX_FEATURE:0cxx_attribute_deprecated
    Feature record: CXX_FEATURE:1cxx_auto_type
    Feature record: CXX_FEATURE:0cxx_binary_literals
    Feature record: CXX_FEATURE:1cxx_constexpr
    Feature record: CXX_FEATURE:0cxx_contextual_conversions
    Feature record: CXX_FEATURE:1cxx_decltype
    Feature record: CXX_FEATURE:0cxx_decltype_auto
    Feature record: CXX_FEATURE:1cxx_decltype_incomplete_return_types
    Feature record: CXX_FEATURE:1cxx_default_function_template_args
    Feature record: CXX_FEATURE:1cxx_defaulted_functions
    Feature record: CXX_FEATURE:1cxx_defaulted_move_initializers
    Feature record: CXX_FEATURE:1cxx_delegating_constructors
    Feature record: CXX_FEATURE:1cxx_deleted_functions
    Feature record: CXX_FEATURE:0cxx_digit_separators
    Feature record: CXX_FEATURE:1cxx_enum_forward_declarations
    Feature record: CXX_FEATURE:1cxx_explicit_conversions
    Feature record: CXX_FEATURE:1cxx_extended_friend_declarations
    Feature record: CXX_FEATURE:1cxx_extern_templates
    Feature record: CXX_FEATURE:1cxx_final
    Feature record: CXX_FEATURE:1cxx_func_identifier
    Feature record: CXX_FEATURE:1cxx_generalized_initializers
    Feature record: CXX_FEATURE:0cxx_generic_lambdas
    Feature record: CXX_FEATURE:1cxx_inheriting_constructors
    Feature record: CXX_FEATURE:1cxx_inline_namespaces
    Feature record: CXX_FEATURE:1cxx_lambdas
    Feature record: CXX_FEATURE:0cxx_lambda_init_captures
    Feature record: CXX_FEATURE:1cxx_local_type_template_args
    Feature record: CXX_FEATURE:1cxx_long_long_type
    Feature record: CXX_FEATURE:1cxx_noexcept
    Feature record: CXX_FEATURE:1cxx_nonstatic_member_init
    Feature record: CXX_FEATURE:1cxx_nullptr
    Feature record: CXX_FEATURE:1cxx_override
    Feature record: CXX_FEATURE:1cxx_range_for
    Feature record: CXX_FEATURE:1cxx_raw_string_literals
    Feature record: CXX_FEATURE:1cxx_reference_qualified_functions
    Feature record: CXX_FEATURE:0cxx_relaxed_constexpr
    Feature record: CXX_FEATURE:0cxx_return_type_deduction
    Feature record: CXX_FEATURE:1cxx_right_angle_brackets
    Feature record: CXX_FEATURE:1cxx_rvalue_references
    Feature record: CXX_FEATURE:1cxx_sizeof_member
    Feature record: CXX_FEATURE:1cxx_static_assert
    Feature record: CXX_FEATURE:1cxx_strong_enums
    Feature record: CXX_FEATURE:1cxx_template_template_parameters
    Feature record: CXX_FEATURE:1cxx_thread_local
    Feature record: CXX_FEATURE:1cxx_trailing_return_types
    Feature record: CXX_FEATURE:1cxx_unicode_literals
    Feature record: CXX_FEATURE:1cxx_uniform_initialization
    Feature record: CXX_FEATURE:1cxx_unrestricted_unions
    Feature record: CXX_FEATURE:1cxx_user_literals
    Feature record: CXX_FEATURE:0cxx_variable_templates
    Feature record: CXX_FEATURE:1cxx_variadic_macros
    Feature record: CXX_FEATURE:1cxx_variadic_templates


Detecting CXX [-std=c++98] compiler features compiled with the following output:
Change Dir: /home/i72pehej/Uni3ero/Algoritmica/Practica4/Codigo/CMakeFiles/CMakeTmp

Run Build Command:"/usr/local/bin/gmake" "cmTC_65d89/fast"
gmake: Atención: El archivo 'Makefile' tiene una hora de modificación 0,013 s en el futuro
/usr/local/bin/gmake -f CMakeFiles/cmTC_65d89.dir/build.make CMakeFiles/cmTC_65d89.dir/build
gmake[1]: se entra en el directorio '/home/i72pehej/Uni3ero/Algoritmica/Practica4/Codigo/CMakeFiles/CMakeTmp'
gmake[1]: Atención: El archivo 'CMakeFiles/cmTC_65d89.dir/progress.make' tiene una hora de modificación 0,016 s en el futuro
Building CXX object CMakeFiles/cmTC_65d89.dir/feature_tests.cxx.o
/usr/local/opt/gcc-5.3.0-32/bin/c++    -std=c++98 -o CMakeFiles/cmTC_65d89.dir/feature_tests.cxx.o -c /home/i72pehej/Uni3ero/Algoritmica/Practica4/Codigo/CMakeFiles/feature_tests.cxx
Linking CXX executable cmTC_65d89
/usr/local/bin/cmake -E cmake_link_script CMakeFiles/cmTC_65d89.dir/link.txt --verbose=1
/usr/local/opt/gcc-5.3.0-32/bin/c++       -rdynamic CMakeFiles/cmTC_65d89.dir/feature_tests.cxx.o  -o cmTC_65d89 
gmake[1]: atención: Se ha detectado una desviación en el reloj. La construcción podría estar incompleta.
gmake[1]: se sale del directorio '/home/i72pehej/Uni3ero/Algoritmica/Practica4/Codigo/CMakeFiles/CMakeTmp'
gmake: atención: Se ha detectado una desviación en el reloj. La construcción podría estar incompleta.


    Feature record: CXX_FEATURE:0cxx_aggregate_default_initializers
    Feature record: CXX_FEATURE:0cxx_alias_templates
    Feature record: CXX_FEATURE:0cxx_alignas
    Feature record: CXX_FEATURE:0cxx_alignof
    Feature record: CXX_FEATURE:0cxx_attributes
    Feature record: CXX_FEATURE:0cxx_attribute_deprecated
    Feature record: CXX_FEATURE:0cxx_auto_type
    Feature record: CXX_FEATURE:0cxx_binary_literals
    Feature record: CXX_FEATURE:0cxx_constexpr
    Feature record: CXX_FEATURE:0cxx_contextual_conversions
    Feature record: CXX_FEATURE:0cxx_decltype
    Feature record: CXX_FEATURE:0cxx_decltype_auto
    Feature record: CXX_FEATURE:0cxx_decltype_incomplete_return_types
    Feature record: CXX_FEATURE:0cxx_default_function_template_args
    Feature record: CXX_FEATURE:0cxx_defaulted_functions
    Feature record: CXX_FEATURE:0cxx_defaulted_move_initializers
    Feature record: CXX_FEATURE:0cxx_delegating_constructors
    Feature record: CXX_FEATURE:0cxx_deleted_functions
    Feature record: CXX_FEATURE:0cxx_digit_separators
    Feature record: CXX_FEATURE:0cxx_enum_forward_declarations
    Feature record: CXX_FEATURE:0cxx_explicit_conversions
    Feature record: CXX_FEATURE:0cxx_extended_friend_declarations
    Feature record: CXX_FEATURE:0cxx_extern_templates
    Feature record: CXX_FEATURE:0cxx_final
    Feature record: CXX_FEATURE:0cxx_func_identifier
    Feature record: CXX_FEATURE:0cxx_generalized_initializers
    Feature record: CXX_FEATURE:0cxx_generic_lambdas
    Feature record: CXX_FEATURE:0cxx_inheriting_constructors
    Feature record: CXX_FEATURE:0cxx_inline_namespaces
    Feature record: CXX_FEATURE:0cxx_lambdas
    Feature record: CXX_FEATURE:0cxx_lambda_init_captures
    Feature record: CXX_FEATURE:0cxx_local_type_template_args
    Feature record: CXX_FEATURE:0cxx_long_long_type
    Feature record: CXX_FEATURE:0cxx_noexcept
    Feature record: CXX_FEATURE:0cxx_nonstatic_member_init
    Feature record: CXX_FEATURE:0cxx_nullptr
    Feature record: CXX_FEATURE:0cxx_override
    Feature record: CXX_FEATURE:0cxx_range_for
    Feature record: CXX_FEATURE:0cxx_raw_string_literals
    Feature record: CXX_FEATURE:0cxx_reference_qualified_functions
    Feature record: CXX_FEATURE:0cxx_relaxed_constexpr
    Feature record: CXX_FEATURE:0cxx_return_type_deduction
    Feature record: CXX_FEATURE:0cxx_right_angle_brackets
    Feature record: CXX_FEATURE:0cxx_rvalue_references
    Feature record: CXX_FEATURE:0cxx_sizeof_member
    Feature record: CXX_FEATURE:0cxx_static_assert
    Feature record: CXX_FEATURE:0cxx_strong_enums
    Feature record: CXX_FEATURE:1cxx_template_template_parameters
    Feature record: CXX_FEATURE:0cxx_thread_local
    Feature record: CXX_FEATURE:0cxx_trailing_return_types
    Feature record: CXX_FEATURE:0cxx_unicode_literals
    Feature record: CXX_FEATURE:0cxx_uniform_initialization
    Feature record: CXX_FEATURE:0cxx_unrestricted_unions
    Feature record: CXX_FEATURE:0cxx_user_literals
    Feature record: CXX_FEATURE:0cxx_variable_templates
    Feature record: CXX_FEATURE:0cxx_variadic_macros
    Feature record: CXX_FEATURE:0cxx_variadic_templates
The system is: Linux - 5.0.0-36-generic - x86_64
Compiling the C compiler identification source file "CMakeCCompilerId.c" succeeded.
Compiler: /usr/bin/cc 
Build flags: 
Id flags:  

The output was:
0


Compilation of the C compiler identification source "CMakeCCompilerId.c" produced "a.out"

The C compiler identification is GNU, found in "/home/julen/i72pehej/Uni_3/Algoritmica/Practica4/Codigo/CMakeFiles/3.10.2/CompilerIdC/a.out"

Compiling the CXX compiler identification source file "CMakeCXXCompilerId.cpp" succeeded.
Compiler: /usr/bin/c++ 
Build flags: 
Id flags:  

The output was:
0


Compilation of the CXX compiler identification source "CMakeCXXCompilerId.cpp" produced "a.out"

The CXX compiler identification is GNU, found in "/home/julen/i72pehej/Uni_3/Algoritmica/Practica4/Codigo/CMakeFiles/3.10.2/CompilerIdCXX/a.out"

Determining if the C compiler works passed with the following output:
Change Dir: /home/julen/i72pehej/Uni_3/Algoritmica/Practica4/Codigo/CMakeFiles/CMakeTmp

Run Build Command:"/usr/bin/make" "cmTC_1047a/fast"
/usr/bin/make -f CMakeFiles/cmTC_1047a.dir/build.make CMakeFiles/cmTC_1047a.dir/build
make[1]: se entra en el directorio '/home/julen/i72pehej/Uni_3/Algoritmica/Practica4/Codigo/CMakeFiles/CMakeTmp'
Building C object CMakeFiles/cmTC_1047a.dir/testCCompiler.c.o
/usr/bin/cc    -o CMakeFiles/cmTC_1047a.dir/testCCompiler.c.o   -c /home/julen/i72pehej/Uni_3/Algoritmica/Practica4/Codigo/CMakeFiles/CMakeTmp/testCCompiler.c
Linking C executable cmTC_1047a
/usr/bin/cmake -E cmake_link_script CMakeFiles/cmTC_1047a.dir/link.txt --verbose=1
/usr/bin/cc      -rdynamic CMakeFiles/cmTC_1047a.dir/testCCompiler.c.o  -o cmTC_1047a 
make[1]: se sale del directorio '/home/julen/i72pehej/Uni_3/Algoritmica/Practica4/Codigo/CMakeFiles/CMakeTmp'


Detecting C compiler ABI info compiled with the following output:
Change Dir: /home/julen/i72pehej/Uni_3/Algoritmica/Practica4/Codigo/CMakeFiles/CMakeTmp

Run Build Command:"/usr/bin/make" "cmTC_f67d6/fast"
/usr/bin/make -f CMakeFiles/cmTC_f67d6.dir/build.make CMakeFiles/cmTC_f67d6.dir/build
make[1]: se entra en el directorio '/home/julen/i72pehej/Uni_3/Algoritmica/Practica4/Codigo/CMakeFiles/CMakeTmp'
Building C object CMakeFiles/cmTC_f67d6.dir/CMakeCCompilerABI.c.o
/usr/bin/cc    -o CMakeFiles/cmTC_f67d6.dir/CMakeCCompilerABI.c.o   -c /usr/share/cmake-3.10/Modules/CMakeCCompilerABI.c
Linking C executable cmTC_f67d6
/usr/bin/cmake -E cmake_link_script CMakeFiles/cmTC_f67d6.dir/link.txt --verbose=1
/usr/bin/cc     -v -rdynamic CMakeFiles/cmTC_f67d6.dir/CMakeCCompilerABI.c.o  -o cmTC_f67d6 
Using built-in specs.
COLLECT_GCC=/usr/bin/cc
COLLECT_LTO_WRAPPER=/usr/lib/gcc/x86_64-linux-gnu/7/lto-wrapper
OFFLOAD_TARGET_NAMES=nvptx-none
OFFLOAD_TARGET_DEFAULT=1
Target: x86_64-linux-gnu
Configured with: ../src/configure -v --with-pkgversion='Ubuntu 7.4.0-1ubuntu1~18.04.1' --with-bugurl=file:///usr/share/doc/gcc-7/README.Bugs --enable-languages=c,ada,c++,go,brig,d,fortran,objc,obj-c++ --prefix=/usr --with-gcc-major-version-only --program-suffix=-7 --program-prefix=x86_64-linux-gnu- --enable-shared --enable-linker-build-id --libexecdir=/usr/lib --without-included-gettext --enable-threads=posix --libdir=/usr/lib --enable-nls --with-sysroot=/ --enable-clocale=gnu --enable-libstdcxx-debug --enable-libstdcxx-time=yes --with-default-libstdcxx-abi=new --enable-gnu-unique-object --disable-vtable-verify --enable-libmpx --enable-plugin --enable-default-pie --with-system-zlib --with-target-system-zlib --enable-objc-gc=auto --enable-multiarch --disable-werror --with-arch-32=i686 --with-abi=m64 --with-multilib-list=m32,m64,mx32 --enable-multilib --with-tune=generic --enable-offload-targets=nvptx-none --without-cuda-driver --enable-checking=release --build=x86_64-linux-gnu --host=x86_64-linux-gnu --target=x86_64-linux-gnu
Thread model: posix
gcc version 7.4.0 (Ubuntu 7.4.0-1ubuntu1~18.04.1) 
COMPILER_PATH=/usr/lib/gcc/x86_64-linux-gnu/7/:/usr/lib/gcc/x86_64-linux-gnu/7/:/usr/lib/gcc/x86_64-linux-gnu/:/usr/lib/gcc/x86_64-linux-gnu/7/:/usr/lib/gcc/x86_64-linux-gnu/
LIBRARY_PATH=/usr/lib/gcc/x86_64-linux-gnu/7/:/usr/lib/gcc/x86_64-linux-gnu/7/../../../x86_64-linux-gnu/:/usr/lib/gcc/x86_64-linux-gnu/7/../../../../lib/:/lib/x86_64-linux-gnu/:/lib/../lib/:/usr/lib/x86_64-linux-gnu/:/usr/lib/../lib/:/usr/lib/gcc/x86_64-linux-gnu/7/../../../:/lib/:/usr/lib/
COLLECT_GCC_OPTIONS='-v' '-rdynamic' '-o' 'cmTC_f67d6' '-mtune=generic' '-march=x86-64'
 /usr/lib/gcc/x86_64-linux-gnu/7/collect2 -plugin /usr/lib/gcc/x86_64-linux-gnu/7/liblto_plugin.so -plugin-opt=/usr/lib/gcc/x86_64-linux-gnu/7/lto-wrapper -plugin-opt=-fresolution=/tmp/cc9LxzTu.res -plugin-opt=-pass-through=-lgcc -plugin-opt=-pass-through=-lgcc_s -plugin-opt=-pass-through=-lc -plugin-opt=-pass-through=-lgcc -plugin-opt=-pass-through=-lgcc_s --sysroot=/ --build-id --eh-frame-hdr -m elf_x86_64 --hash-style=gnu --as-needed -export-dynamic -dynamic-linker /lib64/ld-linux-x86-64.so.2 -pie -z now -z relro -o cmTC_f67d6 /usr/lib/gcc/x86_64-linux-gnu/7/../../../x86_64-linux-gnu/Scrt1.o /usr/lib/gcc/x86_64-linux-gnu/7/../../../x86_64-linux-gnu/crti.o /usr/lib/gcc/x86_64-linux-gnu/7/crtbeginS.o -L/usr/lib/gcc/x86_64-linux-gnu/7 -L/usr/lib/gcc/x86_64-linux-gnu/7/../../../x86_64-linux-gnu -L/usr/lib/gcc/x86_64-linux-gnu/7/../../../../lib -L/lib/x86_64-linux-gnu -L/lib/../lib -L/usr/lib/x86_64-linux-gnu -L/usr/lib/../lib -L/usr/lib/gcc/x86_64-linux-gnu/7/../../.. CMakeFiles/cmTC_f67d6.dir/CMakeCCompilerABI.c.o -lgcc --push-state --as-needed -lgcc_s --pop-state -lc -lgcc --push-state --as-needed -lgcc_s --pop-state /usr/lib/gcc/x86_64-linux-gnu/7/crtendS.o /usr/lib/gcc/x86_64-linux-gnu/7/../../../x86_64-linux-gnu/crtn.o
COLLECT_GCC_OPTIONS='-v' '-rdynamic' '-o' 'cmTC_f67d6' '-mtune=generic' '-march=x86-64'
make[1]: se sale del directorio '/home/julen/i72pehej/Uni_3/Algoritmica/Practica4/Codigo/CMakeFiles/CMakeTmp'


Parsed C implicit link information from above output:
  link line regex: [^( *|.*[/\])(ld|CMAKE_LINK_STARTFILE-NOTFOUND|([^/\]+-)?ld|collect2)[^/\]*( |$)]
  ignore line: [Change Dir: /home/julen/i72pehej/Uni_3/Algoritmica/Practica4/Codigo/CMakeFiles/CMakeTmp]
  ignore line: []
  ignore line: [Run Build Command:"/usr/bin/make" "cmTC_f67d6/fast"]
  ignore line: [/usr/bin/make -f CMakeFiles/cmTC_f67d6.dir/build.make CMakeFiles/cmTC_f67d6.dir/build]
  ignore line: [make[1]: se entra en el directorio '/home/julen/i72pehej/Uni_3/Algoritmica/Practica4/Codigo/CMakeFiles/CMakeTmp']
  ignore line: [Building C object CMakeFiles/cmTC_f67d6.dir/CMakeCCompilerABI.c.o]
  ignore line: [/usr/bin/cc    -o CMakeFiles/cmTC_f67d6.dir/CMakeCCompilerABI.c.o   -c /usr/share/cmake-3.10/Modules/CMakeCCompilerABI.c]
  ignore line: [Linking C executable cmTC_f67d6]
  ignore line: [/usr/bin/cmake -E cmake_link_script CMakeFiles/cmTC_f67d6.dir/link.txt --verbose=1]
  ignore line: [/usr/bin/cc     -v -rdynamic CMakeFiles/cmTC_f67d6.dir/CMakeCCompilerABI.c.o  -o cmTC_f67d6 ]
  ignore line: [Using built-in specs.]
  ignore line: [COLLECT_GCC=/usr/bin/cc]
  ignore line: [COLLECT_LTO_WRAPPER=/usr/lib/gcc/x86_64-linux-gnu/7/lto-wrapper]
  ignore line: [OFFLOAD_TARGET_NAMES=nvptx-none]
  ignore line: [OFFLOAD_TARGET_DEFAULT=1]
  ignore line: [Target: x86_64-linux-gnu]
  ignore line: [Configured with: ../src/configure -v --with-pkgversion='Ubuntu 7.4.0-1ubuntu1~18.04.1' --with-bugurl=file:///usr/share/doc/gcc-7/README.Bugs --enable-languages=c,ada,c++,go,brig,d,fortran,objc,obj-c++ --prefix=/usr --with-gcc-major-version-only --program-suffix=-7 --program-prefix=x86_64-linux-gnu- --enable-shared --enable-linker-build-id --libexecdir=/usr/lib --without-included-gettext --enable-threads=posix --libdir=/usr/lib --enable-nls --with-sysroot=/ --enable-clocale=gnu --enable-libstdcxx-debug --enable-libstdcxx-time=yes --with-default-libstdcxx-abi=new --enable-gnu-unique-object --disable-vtable-verify --enable-libmpx --enable-plugin --enable-default-pie --with-system-zlib --with-target-system-zlib --enable-objc-gc=auto --enable-multiarch --disable-werror --with-arch-32=i686 --with-abi=m64 --with-multilib-list=m32,m64,mx32 --enable-multilib --with-tune=generic --enable-offload-targets=nvptx-none --without-cuda-driver --enable-checking=release --build=x86_64-linux-gnu --host=x86_64-linux-gnu --target=x86_64-linux-gnu]
  ignore line: [Thread model: posix]
  ignore line: [gcc version 7.4.0 (Ubuntu 7.4.0-1ubuntu1~18.04.1) ]
  ignore line: [COMPILER_PATH=/usr/lib/gcc/x86_64-linux-gnu/7/:/usr/lib/gcc/x86_64-linux-gnu/7/:/usr/lib/gcc/x86_64-linux-gnu/:/usr/lib/gcc/x86_64-linux-gnu/7/:/usr/lib/gcc/x86_64-linux-gnu/]
  ignore line: [LIBRARY_PATH=/usr/lib/gcc/x86_64-linux-gnu/7/:/usr/lib/gcc/x86_64-linux-gnu/7/../../../x86_64-linux-gnu/:/usr/lib/gcc/x86_64-linux-gnu/7/../../../../lib/:/lib/x86_64-linux-gnu/:/lib/../lib/:/usr/lib/x86_64-linux-gnu/:/usr/lib/../lib/:/usr/lib/gcc/x86_64-linux-gnu/7/../../../:/lib/:/usr/lib/]
  ignore line: [COLLECT_GCC_OPTIONS='-v' '-rdynamic' '-o' 'cmTC_f67d6' '-mtune=generic' '-march=x86-64']
  link line: [ /usr/lib/gcc/x86_64-linux-gnu/7/collect2 -plugin /usr/lib/gcc/x86_64-linux-gnu/7/liblto_plugin.so -plugin-opt=/usr/lib/gcc/x86_64-linux-gnu/7/lto-wrapper -plugin-opt=-fresolution=/tmp/cc9LxzTu.res -plugin-opt=-pass-through=-lgcc -plugin-opt=-pass-through=-lgcc_s -plugin-opt=-pass-through=-lc -plugin-opt=-pass-through=-lgcc -plugin-opt=-pass-through=-lgcc_s --sysroot=/ --build-id --eh-frame-hdr -m elf_x86_64 --hash-style=gnu --as-needed -export-dynamic -dynamic-linker /lib64/ld-linux-x86-64.so.2 -pie -z now -z relro -o cmTC_f67d6 /usr/lib/gcc/x86_64-linux-gnu/7/../../../x86_64-linux-gnu/Scrt1.o /usr/lib/gcc/x86_64-linux-gnu/7/../../../x86_64-linux-gnu/crti.o /usr/lib/gcc/x86_64-linux-gnu/7/crtbeginS.o -L/usr/lib/gcc/x86_64-linux-gnu/7 -L/usr/lib/gcc/x86_64-linux-gnu/7/../../../x86_64-linux-gnu -L/usr/lib/gcc/x86_64-linux-gnu/7/../../../../lib -L/lib/x86_64-linux-gnu -L/lib/../lib -L/usr/lib/x86_64-linux-gnu -L/usr/lib/../lib -L/usr/lib/gcc/x86_64-linux-gnu/7/../../.. CMakeFiles/cmTC_f67d6.dir/CMakeCCompilerABI.c.o -lgcc --push-state --as-needed -lgcc_s --pop-state -lc -lgcc --push-state --as-needed -lgcc_s --pop-state /usr/lib/gcc/x86_64-linux-gnu/7/crtendS.o /usr/lib/gcc/x86_64-linux-gnu/7/../../../x86_64-linux-gnu/crtn.o]
    arg [/usr/lib/gcc/x86_64-linux-gnu/7/collect2] ==> ignore
    arg [-plugin] ==> ignore
    arg [/usr/lib/gcc/x86_64-linux-gnu/7/liblto_plugin.so] ==> ignore
    arg [-plugin-opt=/usr/lib/gcc/x86_64-linux-gnu/7/lto-wrapper] ==> ignore
    arg [-plugin-opt=-fresolution=/tmp/cc9LxzTu.res] ==> ignore
    arg [-plugin-opt=-pass-through=-lgcc] ==> ignore
    arg [-plugin-opt=-pass-through=-lgcc_s] ==> ignore
    arg [-plugin-opt=-pass-through=-lc] ==> ignore
    arg [-plugin-opt=-pass-through=-lgcc] ==> ignore
    arg [-plugin-opt=-pass-through=-lgcc_s] ==> ignore
    arg [--sysroot=/] ==> ignore
    arg [--build-id] ==> ignore
    arg [--eh-frame-hdr] ==> ignore
    arg [-m] ==> ignore
    arg [elf_x86_64] ==> ignore
    arg [--hash-style=gnu] ==> ignore
    arg [--as-needed] ==> ignore
    arg [-export-dynamic] ==> ignore
    arg [-dynamic-linker] ==> ignore
    arg [/lib64/ld-linux-x86-64.so.2] ==> ignore
    arg [-pie] ==> ignore
    arg [-znow] ==> ignore
    arg [-zrelro] ==> ignore
    arg [-o] ==> ignore
    arg [cmTC_f67d6] ==> ignore
    arg [/usr/lib/gcc/x86_64-linux-gnu/7/../../../x86_64-linux-gnu/Scrt1.o] ==> ignore
    arg [/usr/lib/gcc/x86_64-linux-gnu/7/../../../x86_64-linux-gnu/crti.o] ==> ignore
    arg [/usr/lib/gcc/x86_64-linux-gnu/7/crtbeginS.o] ==> ignore
    arg [-L/usr/lib/gcc/x86_64-linux-gnu/7] ==> dir [/usr/lib/gcc/x86_64-linux-gnu/7]
    arg [-L/usr/lib/gcc/x86_64-linux-gnu/7/../../../x86_64-linux-gnu] ==> dir [/usr/lib/gcc/x86_64-linux-gnu/7/../../../x86_64-linux-gnu]
    arg [-L/usr/lib/gcc/x86_64-linux-gnu/7/../../../../lib] ==> dir [/usr/lib/gcc/x86_64-linux-gnu/7/../../../../lib]
    arg [-L/lib/x86_64-linux-gnu] ==> dir [/lib/x86_64-linux-gnu]
    arg [-L/lib/../lib] ==> dir [/lib/../lib]
    arg [-L/usr/lib/x86_64-linux-gnu] ==> dir [/usr/lib/x86_64-linux-gnu]
    arg [-L/usr/lib/../lib] ==> dir [/usr/lib/../lib]
    arg [-L/usr/lib/gcc/x86_64-linux-gnu/7/../../..] ==> dir [/usr/lib/gcc/x86_64-linux-gnu/7/../../..]
    arg [CMakeFiles/cmTC_f67d6.dir/CMakeCCompilerABI.c.o] ==> ignore
    arg [-lgcc] ==> lib [gcc]
    arg [--push-state] ==> ignore
    arg [--as-needed] ==> ignore
    arg [-lgcc_s] ==> lib [gcc_s]
    arg [--pop-state] ==> ignore
    arg [-lc] ==> lib [c]
    arg [-lgcc] ==> lib [gcc]
    arg [--push-state] ==> ignore
    arg [--as-needed] ==> ignore
    arg [-lgcc_s] ==> lib [gcc_s]
    arg [--pop-state] ==> ignore
    arg [/usr/lib/gcc/x86_64-linux-gnu/7/crtendS.o] ==> ignore
    arg [/usr/lib/gcc/x86_64-linux-gnu/7/../../../x86_64-linux-gnu/crtn.o] ==> ignore
  collapse library dir [/usr/lib/gcc/x86_64-linux-gnu/7] ==> [/usr/lib/gcc/x86_64-linux-gnu/7]
  collapse library dir [/usr/lib/gcc/x86_64-linux-gnu/7/../../../x86_64-linux-gnu] ==> [/usr/lib/x86_64-linux-gnu]
  collapse library dir [/usr/lib/gcc/x86_64-linux-gnu/7/../../../../lib] ==> [/usr/lib]
  collapse library dir [/lib/x86_64-linux-gnu] ==> [/lib/x86_64-linux-gnu]
  collapse library dir [/lib/../lib] ==> [/lib]
  collapse library dir [/usr/lib/x86_64-linux-gnu] ==> [/usr/lib/x86_64-linux-gnu]
  collapse library dir [/usr/lib/../lib] ==> [/usr/lib]
  collapse library dir [/usr/lib/gcc/x86_64-linux-gnu/7/../../..] ==> [/usr/lib]
  implicit libs: [gcc;gcc_s;c;gcc;gcc_s]
  implicit dirs: [/usr/lib/gcc/x86_64-linux-gnu/7;/usr/lib/x86_64-linux-gnu;/usr/lib;/lib/x86_64-linux-gnu;/lib]
  implicit fwks: []




Detecting C [-std=c11] compiler features compiled with the following output:
Change Dir: /home/julen/i72pehej/Uni_3/Algoritmica/Practica4/Codigo/CMakeFiles/CMakeTmp

Run Build Command:"/usr/bin/make" "cmTC_06b81/fast"
/usr/bin/make -f CMakeFiles/cmTC_06b81.dir/build.make CMakeFiles/cmTC_06b81.dir/build
make[1]: se entra en el directorio '/home/julen/i72pehej/Uni_3/Algoritmica/Practica4/Codigo/CMakeFiles/CMakeTmp'
Building C object CMakeFiles/cmTC_06b81.dir/feature_tests.c.o
/usr/bin/cc   -std=c11 -o CMakeFiles/cmTC_06b81.dir/feature_tests.c.o   -c /home/julen/i72pehej/Uni_3/Algoritmica/Practica4/Codigo/CMakeFiles/feature_tests.c
Linking C executable cmTC_06b81
/usr/bin/cmake -E cmake_link_script CMakeFiles/cmTC_06b81.dir/link.txt --verbose=1
/usr/bin/cc      -rdynamic CMakeFiles/cmTC_06b81.dir/feature_tests.c.o  -o cmTC_06b81 
make[1]: se sale del directorio '/home/julen/i72pehej/Uni_3/Algoritmica/Practica4/Codigo/CMakeFiles/CMakeTmp'


    Feature record: C_FEATURE:1c_function_prototypes
    Feature record: C_FEATURE:1c_restrict
    Feature record: C_FEATURE:1c_static_assert
    Feature record: C_FEATURE:1c_variadic_macros


Detecting C [-std=c99] compiler features compiled with the following output:
Change Dir: /home/julen/i72pehej/Uni_3/Algoritmica/Practica4/Codigo/CMakeFiles/CMakeTmp

Run Build Command:"/usr/bin/make" "cmTC_0ceb9/fast"
/usr/bin/make -f CMakeFiles/cmTC_0ceb9.dir/build.make CMakeFiles/cmTC_0ceb9.dir/build
make[1]: se entra en el directorio '/home/julen/i72pehej/Uni_3/Algoritmica/Practica4/Codigo/CMakeFiles/CMakeTmp'
Building C object CMakeFiles/cmTC_0ceb9.dir/feature_tests.c.o
/usr/bin/cc   -std=c99 -o CMakeFiles/cmTC_0ceb9.dir/feature_tests.c.o   -c /home/julen/i72pehej/Uni_3/Algoritmica/Practica4/Codigo/CMakeFiles/feature_tests.c
Linking C executable cmTC_0ceb9
/usr/bin/cmake -E cmake_link_script CMakeFiles/cmTC_0ceb9.dir/link.txt --verbose=1
/usr/bin/cc      -rdynamic CMakeFiles/cmTC_0ceb9.dir/feature_tests.c.o  -o cmTC_0ceb9 
make[1]: se sale del directorio '/home/julen/i72pehej/Uni_3/Algoritmica/Practica4/Codigo/CMakeFiles/CMakeTmp'


    Feature record: C_FEATURE:1c_function_prototypes
    Feature record: C_FEATURE:1c_restrict
    Feature record: C_FEATURE:0c_static_assert
    Feature record: C_FEATURE:1c_variadic_macros


Detecting C [-std=c90] compiler features compiled with the following output:
Change Dir: /home/julen/i72pehej/Uni_3/Algoritmica/Practica4/Codigo/CMakeFiles/CMakeTmp

Run Build Command:"/usr/bin/make" "cmTC_eaaa2/fast"
/usr/bin/make -f CMakeFiles/cmTC_eaaa2.dir/build.make CMakeFiles/cmTC_eaaa2.dir/build
make[1]: se entra en el directorio '/home/julen/i72pehej/Uni_3/Algoritmica/Practica4/Codigo/CMakeFiles/CMakeTmp'
Building C object CMakeFiles/cmTC_eaaa2.dir/feature_tests.c.o
/usr/bin/cc   -std=c90 -o CMakeFiles/cmTC_eaaa2.dir/feature_tests.c.o   -c /home/julen/i72pehej/Uni_3/Algoritmica/Practica4/Codigo/CMakeFiles/feature_tests.c
Linking C executable cmTC_eaaa2
/usr/bin/cmake -E cmake_link_script CMakeFiles/cmTC_eaaa2.dir/link.txt --verbose=1
/usr/bin/cc      -rdynamic CMakeFiles/cmTC_eaaa2.dir/feature_tests.c.o  -o cmTC_eaaa2 
make[1]: se sale del directorio '/home/julen/i72pehej/Uni_3/Algoritmica/Practica4/Codigo/CMakeFiles/CMakeTmp'


    Feature record: C_FEATURE:1c_function_prototypes
    Feature record: C_FEATURE:0c_restrict
    Feature record: C_FEATURE:0c_static_assert
    Feature record: C_FEATURE:0c_variadic_macros
Determining if the CXX compiler works passed with the following output:
Change Dir: /home/julen/i72pehej/Uni_3/Algoritmica/Practica4/Codigo/CMakeFiles/CMakeTmp

Run Build Command:"/usr/bin/make" "cmTC_42d3a/fast"
/usr/bin/make -f CMakeFiles/cmTC_42d3a.dir/build.make CMakeFiles/cmTC_42d3a.dir/build
make[1]: se entra en el directorio '/home/julen/i72pehej/Uni_3/Algoritmica/Practica4/Codigo/CMakeFiles/CMakeTmp'
Building CXX object CMakeFiles/cmTC_42d3a.dir/testCXXCompiler.cxx.o
/usr/bin/c++     -o CMakeFiles/cmTC_42d3a.dir/testCXXCompiler.cxx.o -c /home/julen/i72pehej/Uni_3/Algoritmica/Practica4/Codigo/CMakeFiles/CMakeTmp/testCXXCompiler.cxx
Linking CXX executable cmTC_42d3a
/usr/bin/cmake -E cmake_link_script CMakeFiles/cmTC_42d3a.dir/link.txt --verbose=1
/usr/bin/c++       -rdynamic CMakeFiles/cmTC_42d3a.dir/testCXXCompiler.cxx.o  -o cmTC_42d3a 
make[1]: se sale del directorio '/home/julen/i72pehej/Uni_3/Algoritmica/Practica4/Codigo/CMakeFiles/CMakeTmp'


Detecting CXX compiler ABI info compiled with the following output:
Change Dir: /home/julen/i72pehej/Uni_3/Algoritmica/Practica4/Codigo/CMakeFiles/CMakeTmp

Run Build Command:"/usr/bin/make" "cmTC_4cd07/fast"
/usr/bin/make -f CMakeFiles/cmTC_4cd07.dir/build.make CMakeFiles/cmTC_4cd07.dir/build
make[1]: se entra en el directorio '/home/julen/i72pehej/Uni_3/Algoritmica/Practica4/Codigo/CMakeFiles/CMakeTmp'
Building CXX object CMakeFiles/cmTC_4cd07.dir/CMakeCXXCompilerABI.cpp.o
/usr/bin/c++     -o CMakeFiles/cmTC_4cd07.dir/CMakeCXXCompilerABI.cpp.o -c /usr/share/cmake-3.10/Modules/CMakeCXXCompilerABI.cpp
Linking CXX executable cmTC_4cd07
/usr/bin/cmake -E cmake_link_script CMakeFiles/cmTC_4cd07.dir/link.txt --verbose=1
/usr/bin/c++      -v -rdynamic CMakeFiles/cmTC_4cd07.dir/CMakeCXXCompilerABI.cpp.o  -o cmTC_4cd07 
Using built-in specs.
COLLECT_GCC=/usr/bin/c++
COLLECT_LTO_WRAPPER=/usr/lib/gcc/x86_64-linux-gnu/7/lto-wrapper
OFFLOAD_TARGET_NAMES=nvptx-none
OFFLOAD_TARGET_DEFAULT=1
Target: x86_64-linux-gnu
Configured with: ../src/configure -v --with-pkgversion='Ubuntu 7.4.0-1ubuntu1~18.04.1' --with-bugurl=file:///usr/share/doc/gcc-7/README.Bugs --enable-languages=c,ada,c++,go,brig,d,fortran,objc,obj-c++ --prefix=/usr --with-gcc-major-version-only --program-suffix=-7 --program-prefix=x86_64-linux-gnu- --enable-shared --enable-linker-build-id --libexecdir=/usr/lib --without-included-gettext --enable-threads=posix --libdir=/usr/lib --enable-nls --with-sysroot=/ --enable-clocale=gnu --enable-libstdcxx-debug --enable-libstdcxx-time=yes --with-default-libstdcxx-abi=new --enable-gnu-unique-object --disable-vtable-verify --enable-libmpx --enable-plugin --enable-default-pie --with-system-zlib --with-target-system-zlib --enable-objc-gc=auto --enable-multiarch --disable-werror --with-arch-32=i686 --with-abi=m64 --with-multilib-list=m32,m64,mx32 --enable-multilib --with-tune=generic --enable-offload-targets=nvptx-none --without-cuda-driver --enable-checking=release --build=x86_64-linux-gnu --host=x86_64-linux-gnu --target=x86_64-linux-gnu
Thread model: posix
gcc version 7.4.0 (Ubuntu 7.4.0-1ubuntu1~18.04.1) 
COMPILER_PATH=/usr/lib/gcc/x86_64-linux-gnu/7/:/usr/lib/gcc/x86_64-linux-gnu/7/:/usr/lib/gcc/x86_64-linux-gnu/:/usr/lib/gcc/x86_64-linux-gnu/7/:/usr/lib/gcc/x86_64-linux-gnu/
LIBRARY_PATH=/usr/lib/gcc/x86_64-linux-gnu/7/:/usr/lib/gcc/x86_64-linux-gnu/7/../../../x86_64-linux-gnu/:/usr/lib/gcc/x86_64-linux-gnu/7/../../../../lib/:/lib/x86_64-linux-gnu/:/lib/../lib/:/usr/lib/x86_64-linux-gnu/:/usr/lib/../lib/:/usr/lib/gcc/x86_64-linux-gnu/7/../../../:/lib/:/usr/lib/
COLLECT_GCC_OPTIONS='-v' '-rdynamic' '-o' 'cmTC_4cd07' '-shared-libgcc' '-mtune=generic' '-march=x86-64'
 /usr/lib/gcc/x86_64-linux-gnu/7/collect2 -plugin /usr/lib/gcc/x86_64-linux-gnu/7/liblto_plugin.so -plugin-opt=/usr/lib/gcc/x86_64-linux-gnu/7/lto-wrapper -plugin-opt=-fresolution=/tmp/ccxNYUr4.res -plugin-opt=-pass-through=-lgcc_s -plugin-opt=-pass-through=-lgcc -plugin-opt=-pass-through=-lc -plugin-opt=-pass-through=-lgcc_s -plugin-opt=-pass-through=-lgcc --sysroot=/ --build-id --eh-frame-hdr -m elf_x86_64 --hash-style=gnu --as-needed -export-dynamic -dynamic-linker /lib64/ld-linux-x86-64.so.2 -pie -z now -z relro -o cmTC_4cd07 /usr/lib/gcc/x86_64-linux-gnu/7/../../../x86_64-linux-gnu/Scrt1.o /usr/lib/gcc/x86_64-linux-gnu/7/../../../x86_64-linux-gnu/crti.o /usr/lib/gcc/x86_64-linux-gnu/7/crtbeginS.o -L/usr/lib/gcc/x86_64-linux-gnu/7 -L/usr/lib/gcc/x86_64-linux-gnu/7/../../../x86_64-linux-gnu -L/usr/lib/gcc/x86_64-linux-gnu/7/../../../../lib -L/lib/x86_64-linux-gnu -L/lib/../lib -L/usr/lib/x86_64-linux-gnu -L/usr/lib/../lib -L/usr/lib/gcc/x86_64-linux-gnu/7/../../.. CMakeFiles/cmTC_4cd07.dir/CMakeCXXCompilerABI.cpp.o -lstdc++ -lm -lgcc_s -lgcc -lc -lgcc_s -lgcc /usr/lib/gcc/x86_64-linux-gnu/7/crtendS.o /usr/lib/gcc/x86_64-linux-gnu/7/../../../x86_64-linux-gnu/crtn.o
COLLECT_GCC_OPTIONS='-v' '-rdynamic' '-o' 'cmTC_4cd07' '-shared-libgcc' '-mtune=generic' '-march=x86-64'
make[1]: se sale del directorio '/home/julen/i72pehej/Uni_3/Algoritmica/Practica4/Codigo/CMakeFiles/CMakeTmp'


Parsed CXX implicit link information from above output:
  link line regex: [^( *|.*[/\])(ld|CMAKE_LINK_STARTFILE-NOTFOUND|([^/\]+-)?ld|collect2)[^/\]*( |$)]
  ignore line: [Change Dir: /home/julen/i72pehej/Uni_3/Algoritmica/Practica4/Codigo/CMakeFiles/CMakeTmp]
  ignore line: []
  ignore line: [Run Build Command:"/usr/bin/make" "cmTC_4cd07/fast"]
  ignore line: [/usr/bin/make -f CMakeFiles/cmTC_4cd07.dir/build.make CMakeFiles/cmTC_4cd07.dir/build]
  ignore line: [make[1]: se entra en el directorio '/home/julen/i72pehej/Uni_3/Algoritmica/Practica4/Codigo/CMakeFiles/CMakeTmp']
  ignore line: [Building CXX object CMakeFiles/cmTC_4cd07.dir/CMakeCXXCompilerABI.cpp.o]
  ignore line: [/usr/bin/c++     -o CMakeFiles/cmTC_4cd07.dir/CMakeCXXCompilerABI.cpp.o -c /usr/share/cmake-3.10/Modules/CMakeCXXCompilerABI.cpp]
  ignore line: [Linking CXX executable cmTC_4cd07]
  ignore line: [/usr/bin/cmake -E cmake_link_script CMakeFiles/cmTC_4cd07.dir/link.txt --verbose=1]
  ignore line: [/usr/bin/c++      -v -rdynamic CMakeFiles/cmTC_4cd07.dir/CMakeCXXCompilerABI.cpp.o  -o cmTC_4cd07 ]
  ignore line: [Using built-in specs.]
  ignore line: [COLLECT_GCC=/usr/bin/c++]
  ignore line: [COLLECT_LTO_WRAPPER=/usr/lib/gcc/x86_64-linux-gnu/7/lto-wrapper]
  ignore line: [OFFLOAD_TARGET_NAMES=nvptx-none]
  ignore line: [OFFLOAD_TARGET_DEFAULT=1]
  ignore line: [Target: x86_64-linux-gnu]
  ignore line: [Configured with: ../src/configure -v --with-pkgversion='Ubuntu 7.4.0-1ubuntu1~18.04.1' --with-bugurl=file:///usr/share/doc/gcc-7/README.Bugs --enable-languages=c,ada,c++,go,brig,d,fortran,objc,obj-c++ --prefix=/usr --with-gcc-major-version-only --program-suffix=-7 --program-prefix=x86_64-linux-gnu- --enable-shared --enable-linker-build-id --libexecdir=/usr/lib --without-included-gettext --enable-threads=posix --libdir=/usr/lib --enable-nls --with-sysroot=/ --enable-clocale=gnu --enable-libstdcxx-debug --enable-libstdcxx-time=yes --with-default-libstdcxx-abi=new --enable-gnu-unique-object --disable-vtable-verify --enable-libmpx --enable-plugin --enable-default-pie --with-system-zlib --with-target-system-zlib --enable-objc-gc=auto --enable-multiarch --disable-werror --with-arch-32=i686 --with-abi=m64 --with-multilib-list=m32,m64,mx32 --enable-multilib --with-tune=generic --enable-offload-targets=nvptx-none --without-cuda-driver --enable-checking=release --build=x86_64-linux-gnu --host=x86_64-linux-gnu --target=x86_64-linux-gnu]
  ignore line: [Thread model: posix]
  ignore line: [gcc version 7.4.0 (Ubuntu 7.4.0-1ubuntu1~18.04.1) ]
  ignore line: [COMPILER_PATH=/usr/lib/gcc/x86_64-linux-gnu/7/:/usr/lib/gcc/x86_64-linux-gnu/7/:/usr/lib/gcc/x86_64-linux-gnu/:/usr/lib/gcc/x86_64-linux-gnu/7/:/usr/lib/gcc/x86_64-linux-gnu/]
  ignore line: [LIBRARY_PATH=/usr/lib/gcc/x86_64-linux-gnu/7/:/usr/lib/gcc/x86_64-linux-gnu/7/../../../x86_64-linux-gnu/:/usr/lib/gcc/x86_64-linux-gnu/7/../../../../lib/:/lib/x86_64-linux-gnu/:/lib/../lib/:/usr/lib/x86_64-linux-gnu/:/usr/lib/../lib/:/usr/lib/gcc/x86_64-linux-gnu/7/../../../:/lib/:/usr/lib/]
  ignore line: [COLLECT_GCC_OPTIONS='-v' '-rdynamic' '-o' 'cmTC_4cd07' '-shared-libgcc' '-mtune=generic' '-march=x86-64']
  link line: [ /usr/lib/gcc/x86_64-linux-gnu/7/collect2 -plugin /usr/lib/gcc/x86_64-linux-gnu/7/liblto_plugin.so -plugin-opt=/usr/lib/gcc/x86_64-linux-gnu/7/lto-wrapper -plugin-opt=-fresolution=/tmp/ccxNYUr4.res -plugin-opt=-pass-through=-lgcc_s -plugin-opt=-pass-through=-lgcc -plugin-opt=-pass-through=-lc -plugin-opt=-pass-through=-lgcc_s -plugin-opt=-pass-through=-lgcc --sysroot=/ --build-id --eh-frame-hdr -m elf_x86_64 --hash-style=gnu --as-needed -export-dynamic -dynamic-linker /lib64/ld-linux-x86-64.so.2 -pie -z now -z relro -o cmTC_4cd07 /usr/lib/gcc/x86_64-linux-gnu/7/../../../x86_64-linux-gnu/Scrt1.o /usr/lib/gcc/x86_64-linux-gnu/7/../../../x86_64-linux-gnu/crti.o /usr/lib/gcc/x86_64-linux-gnu/7/crtbeginS.o -L/usr/lib/gcc/x86_64-linux-gnu/7 -L/usr/lib/gcc/x86_64-linux-gnu/7/../../../x86_64-linux-gnu -L/usr/lib/gcc/x86_64-linux-gnu/7/../../../../lib -L/lib/x86_64-linux-gnu -L/lib/../lib -L/usr/lib/x86_64-linux-gnu -L/usr/lib/../lib -L/usr/lib/gcc/x86_64-linux-gnu/7/../../.. CMakeFiles/cmTC_4cd07.dir/CMakeCXXCompilerABI.cpp.o -lstdc++ -lm -lgcc_s -lgcc -lc -lgcc_s -lgcc /usr/lib/gcc/x86_64-linux-gnu/7/crtendS.o /usr/lib/gcc/x86_64-linux-gnu/7/../../../x86_64-linux-gnu/crtn.o]
    arg [/usr/lib/gcc/x86_64-linux-gnu/7/collect2] ==> ignore
    arg [-plugin] ==> ignore
    arg [/usr/lib/gcc/x86_64-linux-gnu/7/liblto_plugin.so] ==> ignore
    arg [-plugin-opt=/usr/lib/gcc/x86_64-linux-gnu/7/lto-wrapper] ==> ignore
    arg [-plugin-opt=-fresolution=/tmp/ccxNYUr4.res] ==> ignore
    arg [-plugin-opt=-pass-through=-lgcc_s] ==> ignore
    arg [-plugin-opt=-pass-through=-lgcc] ==> ignore
    arg [-plugin-opt=-pass-through=-lc] ==> ignore
    arg [-plugin-opt=-pass-through=-lgcc_s] ==> ignore
    arg [-plugin-opt=-pass-through=-lgcc] ==> ignore
    arg [--sysroot=/] ==> ignore
    arg [--build-id] ==> ignore
    arg [--eh-frame-hdr] ==> ignore
    arg [-m] ==> ignore
    arg [elf_x86_64] ==> ignore
    arg [--hash-style=gnu] ==> ignore
    arg [--as-needed] ==> ignore
    arg [-export-dynamic] ==> ignore
    arg [-dynamic-linker] ==> ignore
    arg [/lib64/ld-linux-x86-64.so.2] ==> ignore
    arg [-pie] ==> ignore
    arg [-znow] ==> ignore
    arg [-zrelro] ==> ignore
    arg [-o] ==> ignore
    arg [cmTC_4cd07] ==> ignore
    arg [/usr/lib/gcc/x86_64-linux-gnu/7/../../../x86_64-linux-gnu/Scrt1.o] ==> ignore
    arg [/usr/lib/gcc/x86_64-linux-gnu/7/../../../x86_64-linux-gnu/crti.o] ==> ignore
    arg [/usr/lib/gcc/x86_64-linux-gnu/7/crtbeginS.o] ==> ignore
    arg [-L/usr/lib/gcc/x86_64-linux-gnu/7] ==> dir [/usr/lib/gcc/x86_64-linux-gnu/7]
    arg [-L/usr/lib/gcc/x86_64-linux-gnu/7/../../../x86_64-linux-gnu] ==> dir [/usr/lib/gcc/x86_64-linux-gnu/7/../../../x86_64-linux-gnu]
    arg [-L/usr/lib/gcc/x86_64-linux-gnu/7/../../../../lib] ==> dir [/usr/lib/gcc/x86_64-linux-gnu/7/../../../../lib]
    arg [-L/lib/x86_64-linux-gnu] ==> dir [/lib/x86_64-linux-gnu]
    arg [-L/lib/../lib] ==> dir [/lib/../lib]
    arg [-L/usr/lib/x86_64-linux-gnu] ==> dir [/usr/lib/x86_64-linux-gnu]
    arg [-L/usr/lib/../lib] ==> dir [/usr/lib/../lib]
    arg [-L/usr/lib/gcc/x86_64-linux-gnu/7/../../..] ==> dir [/usr/lib/gcc/x86_64-linux-gnu/7/../../..]
    arg [CMakeFiles/cmTC_4cd07.dir/CMakeCXXCompilerABI.cpp.o] ==> ignore
    arg [-lstdc++] ==> lib [stdc++]
    arg [-lm] ==> lib [m]
    arg [-lgcc_s] ==> lib [gcc_s]
    arg [-lgcc] ==> lib [gcc]
    arg [-lc] ==> lib [c]
    arg [-lgcc_s] ==> lib [gcc_s]
    arg [-lgcc] ==> lib [gcc]
    arg [/usr/lib/gcc/x86_64-linux-gnu/7/crtendS.o] ==> ignore
    arg [/usr/lib/gcc/x86_64-linux-gnu/7/../../../x86_64-linux-gnu/crtn.o] ==> ignore
  collapse library dir [/usr/lib/gcc/x86_64-linux-gnu/7] ==> [/usr/lib/gcc/x86_64-linux-gnu/7]
  collapse library dir [/usr/lib/gcc/x86_64-linux-gnu/7/../../../x86_64-linux-gnu] ==> [/usr/lib/x86_64-linux-gnu]
  collapse library dir [/usr/lib/gcc/x86_64-linux-gnu/7/../../../../lib] ==> [/usr/lib]
  collapse library dir [/lib/x86_64-linux-gnu] ==> [/lib/x86_64-linux-gnu]
  collapse library dir [/lib/../lib] ==> [/lib]
  collapse library dir [/usr/lib/x86_64-linux-gnu] ==> [/usr/lib/x86_64-linux-gnu]
  collapse library dir [/usr/lib/../lib] ==> [/usr/lib]
  collapse library dir [/usr/lib/gcc/x86_64-linux-gnu/7/../../..] ==> [/usr/lib]
  implicit libs: [stdc++;m;gcc_s;gcc;c;gcc_s;gcc]
  implicit dirs: [/usr/lib/gcc/x86_64-linux-gnu/7;/usr/lib/x86_64-linux-gnu;/usr/lib;/lib/x86_64-linux-gnu;/lib]
  implicit fwks: []




Detecting CXX [-std=c++1z] compiler features compiled with the following output:
Change Dir: /home/julen/i72pehej/Uni_3/Algoritmica/Practica4/Codigo/CMakeFiles/CMakeTmp

Run Build Command:"/usr/bin/make" "cmTC_185fe/fast"
/usr/bin/make -f CMakeFiles/cmTC_185fe.dir/build.make CMakeFiles/cmTC_185fe.dir/build
make[1]: se entra en el directorio '/home/julen/i72pehej/Uni_3/Algoritmica/Practica4/Codigo/CMakeFiles/CMakeTmp'
Building CXX object CMakeFiles/cmTC_185fe.dir/feature_tests.cxx.o
/usr/bin/c++    -std=c++1z -o CMakeFiles/cmTC_185fe.dir/feature_tests.cxx.o -c /home/julen/i72pehej/Uni_3/Algoritmica/Practica4/Codigo/CMakeFiles/feature_tests.cxx
Linking CXX executable cmTC_185fe
/usr/bin/cmake -E cmake_link_script CMakeFiles/cmTC_185fe.dir/link.txt --verbose=1
/usr/bin/c++       -rdynamic CMakeFiles/cmTC_185fe.dir/feature_tests.cxx.o  -o cmTC_185fe 
make[1]: se sale del directorio '/home/julen/i72pehej/Uni_3/Algoritmica/Practica4/Codigo/CMakeFiles/CMakeTmp'


    Feature record: CXX_FEATURE:1cxx_aggregate_default_initializers
    Feature record: CXX_FEATURE:1cxx_alias_templates
    Feature record: CXX_FEATURE:1cxx_alignas
    Feature record: CXX_FEATURE:1cxx_alignof
    Feature record: CXX_FEATURE:1cxx_attributes
    Feature record: CXX_FEATURE:1cxx_attribute_deprecated
    Feature record: CXX_FEATURE:1cxx_auto_type
    Feature record: CXX_FEATURE:1cxx_binary_literals
    Feature record: CXX_FEATURE:1cxx_constexpr
    Feature record: CXX_FEATURE:1cxx_contextual_conversions
    Feature record: CXX_FEATURE:1cxx_decltype
    Feature record: CXX_FEATURE:1cxx_decltype_auto
    Feature record: CXX_FEATURE:1cxx_decltype_incomplete_return_types
    Feature record: CXX_FEATURE:1cxx_default_function_template_args
    Feature record: CXX_FEATURE:1cxx_defaulted_functions
    Feature record: CXX_FEATURE:1cxx_defaulted_move_initializers
    Feature record: CXX_FEATURE:1cxx_delegating_constructors
    Feature record: CXX_FEATURE:1cxx_deleted_functions
    Feature record: CXX_FEATURE:1cxx_digit_separators
    Feature record: CXX_FEATURE:1cxx_enum_forward_declarations
    Feature record: CXX_FEATURE:1cxx_explicit_conversions
    Feature record: CXX_FEATURE:1cxx_extended_friend_declarations
    Feature record: CXX_FEATURE:1cxx_extern_templates
    Feature record: CXX_FEATURE:1cxx_final
    Feature record: CXX_FEATURE:1cxx_func_identifier
    Feature record: CXX_FEATURE:1cxx_generalized_initializers
    Feature record: CXX_FEATURE:1cxx_generic_lambdas
    Feature record: CXX_FEATURE:1cxx_inheriting_constructors
    Feature record: CXX_FEATURE:1cxx_inline_namespaces
    Feature record: CXX_FEATURE:1cxx_lambdas
    Feature record: CXX_FEATURE:1cxx_lambda_init_captures
    Feature record: CXX_FEATURE:1cxx_local_type_template_args
    Feature record: CXX_FEATURE:1cxx_long_long_type
    Feature record: CXX_FEATURE:1cxx_noexcept
    Feature record: CXX_FEATURE:1cxx_nonstatic_member_init
    Feature record: CXX_FEATURE:1cxx_nullptr
    Feature record: CXX_FEATURE:1cxx_override
    Feature record: CXX_FEATURE:1cxx_range_for
    Feature record: CXX_FEATURE:1cxx_raw_string_literals
    Feature record: CXX_FEATURE:1cxx_reference_qualified_functions
    Feature record: CXX_FEATURE:1cxx_relaxed_constexpr
    Feature record: CXX_FEATURE:1cxx_return_type_deduction
    Feature record: CXX_FEATURE:1cxx_right_angle_brackets
    Feature record: CXX_FEATURE:1cxx_rvalue_references
    Feature record: CXX_FEATURE:1cxx_sizeof_member
    Feature record: CXX_FEATURE:1cxx_static_assert
    Feature record: CXX_FEATURE:1cxx_strong_enums
    Feature record: CXX_FEATURE:1cxx_template_template_parameters
    Feature record: CXX_FEATURE:1cxx_thread_local
    Feature record: CXX_FEATURE:1cxx_trailing_return_types
    Feature record: CXX_FEATURE:1cxx_unicode_literals
    Feature record: CXX_FEATURE:1cxx_uniform_initialization
    Feature record: CXX_FEATURE:1cxx_unrestricted_unions
    Feature record: CXX_FEATURE:1cxx_user_literals
    Feature record: CXX_FEATURE:1cxx_variable_templates
    Feature record: CXX_FEATURE:1cxx_variadic_macros
    Feature record: CXX_FEATURE:1cxx_variadic_templates


Detecting CXX [-std=c++14] compiler features compiled with the following output:
Change Dir: /home/julen/i72pehej/Uni_3/Algoritmica/Practica4/Codigo/CMakeFiles/CMakeTmp

Run Build Command:"/usr/bin/make" "cmTC_ed052/fast"
/usr/bin/make -f CMakeFiles/cmTC_ed052.dir/build.make CMakeFiles/cmTC_ed052.dir/build
make[1]: se entra en el directorio '/home/julen/i72pehej/Uni_3/Algoritmica/Practica4/Codigo/CMakeFiles/CMakeTmp'
Building CXX object CMakeFiles/cmTC_ed052.dir/feature_tests.cxx.o
/usr/bin/c++    -std=c++14 -o CMakeFiles/cmTC_ed052.dir/feature_tests.cxx.o -c /home/julen/i72pehej/Uni_3/Algoritmica/Practica4/Codigo/CMakeFiles/feature_tests.cxx
Linking CXX executable cmTC_ed052
/usr/bin/cmake -E cmake_link_script CMakeFiles/cmTC_ed052.dir/link.txt --verbose=1
/usr/bin/c++       -rdynamic CMakeFiles/cmTC_ed052.dir/feature_tests.cxx.o  -o cmTC_ed052 
make[1]: se sale del directorio '/home/julen/i72pehej/Uni_3/Algoritmica/Practica4/Codigo/CMakeFiles/CMakeTmp'


    Feature record: CXX_FEATURE:1cxx_aggregate_default_initializers
    Feature record: CXX_FEATURE:1cxx_alias_templates
    Feature record: CXX_FEATURE:1cxx_alignas
    Feature record: CXX_FEATURE:1cxx_alignof
    Feature record: CXX_FEATURE:1cxx_attributes
    Feature record: CXX_FEATURE:1cxx_attribute_deprecated
    Feature record: CXX_FEATURE:1cxx_auto_type
    Feature record: CXX_FEATURE:1cxx_binary_literals
    Feature record: CXX_FEATURE:1cxx_constexpr
    Feature record: CXX_FEATURE:1cxx_contextual_conversions
    Feature record: CXX_FEATURE:1cxx_decltype
    Feature record: CXX_FEATURE:1cxx_decltype_auto
    Feature record: CXX_FEATURE:1cxx_decltype_incomplete_return_types
    Feature record: CXX_FEATURE:1cxx_default_function_template_args
    Feature record: CXX_FEATURE:1cxx_defaulted_functions
    Feature record: CXX_FEATURE:1cxx_defaulted_move_initializers
    Feature record: CXX_FEATURE:1cxx_delegating_constructors
    Feature record: CXX_FEATURE:1cxx_deleted_functions
    Feature record: CXX_FEATURE:1cxx_digit_separators
    Feature record: CXX_FEATURE:1cxx_enum_forward_declarations
    Feature record: CXX_FEATURE:1cxx_explicit_conversions
    Feature record: CXX_FEATURE:1cxx_extended_friend_declarations
    Feature record: CXX_FEATURE:1cxx_extern_templates
    Feature record: CXX_FEATURE:1cxx_final
    Feature record: CXX_FEATURE:1cxx_func_identifier
    Feature record: CXX_FEATURE:1cxx_generalized_initializers
    Feature record: CXX_FEATURE:1cxx_generic_lambdas
    Feature record: CXX_FEATURE:1cxx_inheriting_constructors
    Feature record: CXX_FEATURE:1cxx_inline_namespaces
    Feature record: CXX_FEATURE:1cxx_lambdas
    Feature record: CXX_FEATURE:1cxx_lambda_init_captures
    Feature record: CXX_FEATURE:1cxx_local_type_template_args
    Feature record: CXX_FEATURE:1cxx_long_long_type
    Feature record: CXX_FEATURE:1cxx_noexcept
    Feature record: CXX_FEATURE:1cxx_nonstatic_member_init
    Feature record: CXX_FEATURE:1cxx_nullptr
    Feature record: CXX_FEATURE:1cxx_override
    Feature record: CXX_FEATURE:1cxx_range_for
    Feature record: CXX_FEATURE:1cxx_raw_string_literals
    Feature record: CXX_FEATURE:1cxx_reference_qualified_functions
    Feature record: CXX_FEATURE:1cxx_relaxed_constexpr
    Feature record: CXX_FEATURE:1cxx_return_type_deduction
    Feature record: CXX_FEATURE:1cxx_right_angle_brackets
    Feature record: CXX_FEATURE:1cxx_rvalue_references
    Feature record: CXX_FEATURE:1cxx_sizeof_member
    Feature record: CXX_FEATURE:1cxx_static_assert
    Feature record: CXX_FEATURE:1cxx_strong_enums
    Feature record: CXX_FEATURE:1cxx_template_template_parameters
    Feature record: CXX_FEATURE:1cxx_thread_local
    Feature record: CXX_FEATURE:1cxx_trailing_return_types
    Feature record: CXX_FEATURE:1cxx_unicode_literals
    Feature record: CXX_FEATURE:1cxx_uniform_initialization
    Feature record: CXX_FEATURE:1cxx_unrestricted_unions
    Feature record: CXX_FEATURE:1cxx_user_literals
    Feature record: CXX_FEATURE:1cxx_variable_templates
    Feature record: CXX_FEATURE:1cxx_variadic_macros
    Feature record: CXX_FEATURE:1cxx_variadic_templates


Detecting CXX [-std=c++11] compiler features compiled with the following output:
Change Dir: /home/julen/i72pehej/Uni_3/Algoritmica/Practica4/Codigo/CMakeFiles/CMakeTmp

Run Build Command:"/usr/bin/make" "cmTC_cbf63/fast"
/usr/bin/make -f CMakeFiles/cmTC_cbf63.dir/build.make CMakeFiles/cmTC_cbf63.dir/build
make[1]: se entra en el directorio '/home/julen/i72pehej/Uni_3/Algoritmica/Practica4/Codigo/CMakeFiles/CMakeTmp'
Building CXX object CMakeFiles/cmTC_cbf63.dir/feature_tests.cxx.o
/usr/bin/c++    -std=c++11 -o CMakeFiles/cmTC_cbf63.dir/feature_tests.cxx.o -c /home/julen/i72pehej/Uni_3/Algoritmica/Practica4/Codigo/CMakeFiles/feature_tests.cxx
Linking CXX executable cmTC_cbf63
/usr/bin/cmake -E cmake_link_script CMakeFiles/cmTC_cbf63.dir/link.txt --verbose=1
/usr/bin/c++       -rdynamic CMakeFiles/cmTC_cbf63.dir/feature_tests.cxx.o  -o cmTC_cbf63 
make[1]: se sale del directorio '/home/julen/i72pehej/Uni_3/Algoritmica/Practica4/Codigo/CMakeFiles/CMakeTmp'


    Feature record: CXX_FEATURE:0cxx_aggregate_default_initializers
    Feature record: CXX_FEATURE:1cxx_alias_templates
    Feature record: CXX_FEATURE:1cxx_alignas
    Feature record: CXX_FEATURE:1cxx_alignof
    Feature record: CXX_FEATURE:1cxx_attributes
    Feature record: CXX_FEATURE:0cxx_attribute_deprecated
    Feature record: CXX_FEATURE:1cxx_auto_type
    Feature record: CXX_FEATURE:0cxx_binary_literals
    Feature record: CXX_FEATURE:1cxx_constexpr
    Feature record: CXX_FEATURE:0cxx_contextual_conversions
    Feature record: CXX_FEATURE:1cxx_decltype
    Feature record: CXX_FEATURE:0cxx_decltype_auto
    Feature record: CXX_FEATURE:1cxx_decltype_incomplete_return_types
    Feature record: CXX_FEATURE:1cxx_default_function_template_args
    Feature record: CXX_FEATURE:1cxx_defaulted_functions
    Feature record: CXX_FEATURE:1cxx_defaulted_move_initializers
    Feature record: CXX_FEATURE:1cxx_delegating_constructors
    Feature record: CXX_FEATURE:1cxx_deleted_functions
    Feature record: CXX_FEATURE:0cxx_digit_separators
    Feature record: CXX_FEATURE:1cxx_enum_forward_declarations
    Feature record: CXX_FEATURE:1cxx_explicit_conversions
    Feature record: CXX_FEATURE:1cxx_extended_friend_declarations
    Feature record: CXX_FEATURE:1cxx_extern_templates
    Feature record: CXX_FEATURE:1cxx_final
    Feature record: CXX_FEATURE:1cxx_func_identifier
    Feature record: CXX_FEATURE:1cxx_generalized_initializers
    Feature record: CXX_FEATURE:0cxx_generic_lambdas
    Feature record: CXX_FEATURE:1cxx_inheriting_constructors
    Feature record: CXX_FEATURE:1cxx_inline_namespaces
    Feature record: CXX_FEATURE:1cxx_lambdas
    Feature record: CXX_FEATURE:0cxx_lambda_init_captures
    Feature record: CXX_FEATURE:1cxx_local_type_template_args
    Feature record: CXX_FEATURE:1cxx_long_long_type
    Feature record: CXX_FEATURE:1cxx_noexcept
    Feature record: CXX_FEATURE:1cxx_nonstatic_member_init
    Feature record: CXX_FEATURE:1cxx_nullptr
    Feature record: CXX_FEATURE:1cxx_override
    Feature record: CXX_FEATURE:1cxx_range_for
    Feature record: CXX_FEATURE:1cxx_raw_string_literals
    Feature record: CXX_FEATURE:1cxx_reference_qualified_functions
    Feature record: CXX_FEATURE:0cxx_relaxed_constexpr
    Feature record: CXX_FEATURE:0cxx_return_type_deduction
    Feature record: CXX_FEATURE:1cxx_right_angle_brackets
    Feature record: CXX_FEATURE:1cxx_rvalue_references
    Feature record: CXX_FEATURE:1cxx_sizeof_member
    Feature record: CXX_FEATURE:1cxx_static_assert
    Feature record: CXX_FEATURE:1cxx_strong_enums
    Feature record: CXX_FEATURE:1cxx_template_template_parameters
    Feature record: CXX_FEATURE:1cxx_thread_local
    Feature record: CXX_FEATURE:1cxx_trailing_return_types
    Feature record: CXX_FEATURE:1cxx_unicode_literals
    Feature record: CXX_FEATURE:1cxx_uniform_initialization
    Feature record: CXX_FEATURE:1cxx_unrestricted_unions
    Feature record: CXX_FEATURE:1cxx_user_literals
    Feature record: CXX_FEATURE:0cxx_variable_templates
    Feature record: CXX_FEATURE:1cxx_variadic_macros
    Feature record: CXX_FEATURE:1cxx_variadic_templates


Detecting CXX [-std=c++98] compiler features compiled with the following output:
Change Dir: /home/julen/i72pehej/Uni_3/Algoritmica/Practica4/Codigo/CMakeFiles/CMakeTmp

Run Build Command:"/usr/bin/make" "cmTC_4891f/fast"
/usr/bin/make -f CMakeFiles/cmTC_4891f.dir/build.make CMakeFiles/cmTC_4891f.dir/build
make[1]: se entra en el directorio '/home/julen/i72pehej/Uni_3/Algoritmica/Practica4/Codigo/CMakeFiles/CMakeTmp'
Building CXX object CMakeFiles/cmTC_4891f.dir/feature_tests.cxx.o
/usr/bin/c++    -std=c++98 -o CMakeFiles/cmTC_4891f.dir/feature_tests.cxx.o -c /home/julen/i72pehej/Uni_3/Algoritmica/Practica4/Codigo/CMakeFiles/feature_tests.cxx
Linking CXX executable cmTC_4891f
/usr/bin/cmake -E cmake_link_script CMakeFiles/cmTC_4891f.dir/link.txt --verbose=1
/usr/bin/c++       -rdynamic CMakeFiles/cmTC_4891f.dir/feature_tests.cxx.o  -o cmTC_4891f 
make[1]: se sale del directorio '/home/julen/i72pehej/Uni_3/Algoritmica/Practica4/Codigo/CMakeFiles/CMakeTmp'


    Feature record: CXX_FEATURE:0cxx_aggregate_default_initializers
    Feature record: CXX_FEATURE:0cxx_alias_templates
    Feature record: CXX_FEATURE:0cxx_alignas
    Feature record: CXX_FEATURE:0cxx_alignof
    Feature record: CXX_FEATURE:0cxx_attributes
    Feature record: CXX_FEATURE:0cxx_attribute_deprecated
    Feature record: CXX_FEATURE:0cxx_auto_type
    Feature record: CXX_FEATURE:0cxx_binary_literals
    Feature record: CXX_FEATURE:0cxx_constexpr
    Feature record: CXX_FEATURE:0cxx_contextual_conversions
    Feature record: CXX_FEATURE:0cxx_decltype
    Feature record: CXX_FEATURE:0cxx_decltype_auto
    Feature record: CXX_FEATURE:0cxx_decltype_incomplete_return_types
    Feature record: CXX_FEATURE:0cxx_default_function_template_args
    Feature record: CXX_FEATURE:0cxx_defaulted_functions
    Feature record: CXX_FEATURE:0cxx_defaulted_move_initializers
    Feature record: CXX_FEATURE:0cxx_delegating_constructors
    Feature record: CXX_FEATURE:0cxx_deleted_functions
    Feature record: CXX_FEATURE:0cxx_digit_separators
    Feature record: CXX_FEATURE:0cxx_enum_forward_declarations
    Feature record: CXX_FEATURE:0cxx_explicit_conversions
    Feature record: CXX_FEATURE:0cxx_extended_friend_declarations
    Feature record: CXX_FEATURE:0cxx_extern_templates
    Feature record: CXX_FEATURE:0cxx_final
    Feature record: CXX_FEATURE:0cxx_func_identifier
    Feature record: CXX_FEATURE:0cxx_generalized_initializers
    Feature record: CXX_FEATURE:0cxx_generic_lambdas
    Feature record: CXX_FEATURE:0cxx_inheriting_constructors
    Feature record: CXX_FEATURE:0cxx_inline_namespaces
    Feature record: CXX_FEATURE:0cxx_lambdas
    Feature record: CXX_FEATURE:0cxx_lambda_init_captures
    Feature record: CXX_FEATURE:0cxx_local_type_template_args
    Feature record: CXX_FEATURE:0cxx_long_long_type
    Feature record: CXX_FEATURE:0cxx_noexcept
    Feature record: CXX_FEATURE:0cxx_nonstatic_member_init
    Feature record: CXX_FEATURE:0cxx_nullptr
    Feature record: CXX_FEATURE:0cxx_override
    Feature record: CXX_FEATURE:0cxx_range_for
    Feature record: CXX_FEATURE:0cxx_raw_string_literals
    Feature record: CXX_FEATURE:0cxx_reference_qualified_functions
    Feature record: CXX_FEATURE:0cxx_relaxed_constexpr
    Feature record: CXX_FEATURE:0cxx_return_type_deduction
    Feature record: CXX_FEATURE:0cxx_right_angle_brackets
    Feature record: CXX_FEATURE:0cxx_rvalue_references
    Feature record: CXX_FEATURE:0cxx_sizeof_member
    Feature record: CXX_FEATURE:0cxx_static_assert
    Feature record: CXX_FEATURE:0cxx_strong_enums
    Feature record: CXX_FEATURE:1cxx_template_template_parameters
    Feature record: CXX_FEATURE:0cxx_thread_local
    Feature record: CXX_FEATURE:0cxx_trailing_return_types
    Feature record: CXX_FEATURE:0cxx_unicode_literals
    Feature record: CXX_FEATURE:0cxx_uniform_initialization
    Feature record: CXX_FEATURE:0cxx_unrestricted_unions
    Feature record: CXX_FEATURE:0cxx_user_literals
    Feature record: CXX_FEATURE:0cxx_variable_templates
    Feature record: CXX_FEATURE:0cxx_variadic_macros
    Feature record: CXX_FEATURE:0cxx_variadic_templates
